TN:
SF:src\components\expense\ExpenseDashboard.tsx
FN:16,(anonymous_0)
FN:19,(anonymous_1)
FN:20,(anonymous_2)
FN:27,(anonymous_3)
FN:31,(anonymous_4)
FN:33,(anonymous_5)
FN:40,(anonymous_6)
FN:42,(anonymous_7)
FN:45,(anonymous_8)
FN:51,(anonymous_9)
FN:52,(anonymous_10)
FN:52,(anonymous_11)
FN:55,(anonymous_12)
FN:73,(anonymous_13)
FN:87,(anonymous_14)
FN:90,(anonymous_15)
FN:142,(anonymous_16)
FN:146,(anonymous_17)
FN:181,(anonymous_18)
FN:183,(anonymous_19)
FNF:20
FNH:13
FNDA:3,(anonymous_0)
FNDA:0,(anonymous_1)
FNDA:0,(anonymous_2)
FNDA:3,(anonymous_3)
FNDA:3,(anonymous_4)
FNDA:0,(anonymous_5)
FNDA:3,(anonymous_6)
FNDA:15,(anonymous_7)
FNDA:9,(anonymous_8)
FNDA:3,(anonymous_9)
FNDA:12,(anonymous_10)
FNDA:9,(anonymous_11)
FNDA:3,(anonymous_12)
FNDA:3,(anonymous_13)
FNDA:12,(anonymous_14)
FNDA:0,(anonymous_15)
FNDA:6,(anonymous_16)
FNDA:0,(anonymous_17)
FNDA:0,(anonymous_18)
FNDA:0,(anonymous_19)
DA:16,1
DA:17,3
DA:19,3
DA:20,0
DA:25,3
DA:27,3
DA:28,3
DA:29,3
DA:30,3
DA:31,3
DA:32,3
DA:33,3
DA:34,3
DA:37,3
DA:40,3
DA:41,3
DA:42,15
DA:44,3
DA:45,3
DA:46,9
DA:48,3
DA:51,3
DA:52,12
DA:55,3
DA:56,3
DA:59,3
DA:60,3
DA:62,3
DA:66,3
DA:71,3
DA:73,3
DA:78,3
DA:81,3
DA:83,3
DA:88,12
DA:90,0
DA:143,6
DA:146,0
DA:181,0
DA:183,0
LF:40
LH:35
BRDA:28,0,0,3
BRDA:28,0,1,0
BRDA:29,1,0,3
BRDA:29,1,1,0
BRDA:29,2,0,3
BRDA:29,2,1,3
BRDA:31,3,0,3
BRDA:31,3,1,0
BRDA:31,3,2,0
BRDA:32,4,0,3
BRDA:32,4,1,0
BRDA:41,5,0,3
BRDA:41,5,1,0
BRDA:56,6,0,3
BRDA:56,6,1,0
BRDA:59,7,0,3
BRDA:59,7,1,0
BRDA:60,8,0,3
BRDA:60,8,1,0
BRDA:62,9,0,0
BRDA:62,9,1,3
BRDA:92,10,0,3
BRDA:92,10,1,9
BRDA:157,11,0,0
BRDA:157,11,1,3
BRF:25
BRH:14
end_of_record
TN:
SF:src\components\expense\ExpenseScheduleView.tsx
FN:18,(anonymous_0)
FN:22,(anonymous_1)
FN:29,(anonymous_2)
FN:33,(anonymous_3)
FN:40,(anonymous_4)
FN:43,(anonymous_5)
FN:50,(anonymous_6)
FN:52,(anonymous_7)
FN:65,(anonymous_8)
FN:72,(anonymous_9)
FN:86,(anonymous_10)
FN:90,(anonymous_11)
FN:101,(anonymous_12)
FN:102,(anonymous_13)
FN:109,(anonymous_14)
FN:115,(anonymous_15)
FN:137,(anonymous_16)
FN:147,(anonymous_17)
FN:162,(anonymous_18)
FN:164,(anonymous_19)
FN:165,(anonymous_20)
FN:165,(anonymous_21)
FN:167,(anonymous_22)
FN:180,(anonymous_23)
FN:187,(anonymous_24)
FN:189,(anonymous_25)
FN:206,(anonymous_26)
FN:210,(anonymous_27)
FN:215,(anonymous_28)
FN:216,(anonymous_29)
FN:219,(anonymous_30)
FN:221,(anonymous_31)
FN:234,(anonymous_32)
FN:257,(anonymous_33)
FN:258,(anonymous_34)
FN:270,(anonymous_35)
FN:282,(anonymous_36)
FN:283,(anonymous_37)
FN:285,(anonymous_38)
FN:290,(anonymous_39)
FN:297,(anonymous_40)
FN:302,(anonymous_41)
FN:308,(anonymous_42)
FN:361,(anonymous_43)
FN:363,(anonymous_44)
FN:364,(anonymous_45)
FN:364,(anonymous_46)
FN:365,(anonymous_47)
FN:384,(anonymous_48)
FN:401,(anonymous_49)
FN:453,(anonymous_50)
FN:454,(anonymous_51)
FN:456,(anonymous_52)
FN:462,(anonymous_53)
FN:464,(anonymous_54)
FN:506,(anonymous_55)
FN:511,(anonymous_56)
FN:519,(anonymous_57)
FN:549,(anonymous_58)
FN:556,(anonymous_59)
FN:564,(anonymous_60)
FN:568,(anonymous_61)
FN:573,(anonymous_62)
FN:578,(anonymous_63)
FN:589,(anonymous_64)
FN:621,(anonymous_65)
FN:633,(anonymous_66)
FN:679,(anonymous_67)
FNF:68
FNH:0
FNDA:0,(anonymous_0)
FNDA:0,(anonymous_1)
FNDA:0,(anonymous_2)
FNDA:0,(anonymous_3)
FNDA:0,(anonymous_4)
FNDA:0,(anonymous_5)
FNDA:0,(anonymous_6)
FNDA:0,(anonymous_7)
FNDA:0,(anonymous_8)
FNDA:0,(anonymous_9)
FNDA:0,(anonymous_10)
FNDA:0,(anonymous_11)
FNDA:0,(anonymous_12)
FNDA:0,(anonymous_13)
FNDA:0,(anonymous_14)
FNDA:0,(anonymous_15)
FNDA:0,(anonymous_16)
FNDA:0,(anonymous_17)
FNDA:0,(anonymous_18)
FNDA:0,(anonymous_19)
FNDA:0,(anonymous_20)
FNDA:0,(anonymous_21)
FNDA:0,(anonymous_22)
FNDA:0,(anonymous_23)
FNDA:0,(anonymous_24)
FNDA:0,(anonymous_25)
FNDA:0,(anonymous_26)
FNDA:0,(anonymous_27)
FNDA:0,(anonymous_28)
FNDA:0,(anonymous_29)
FNDA:0,(anonymous_30)
FNDA:0,(anonymous_31)
FNDA:0,(anonymous_32)
FNDA:0,(anonymous_33)
FNDA:0,(anonymous_34)
FNDA:0,(anonymous_35)
FNDA:0,(anonymous_36)
FNDA:0,(anonymous_37)
FNDA:0,(anonymous_38)
FNDA:0,(anonymous_39)
FNDA:0,(anonymous_40)
FNDA:0,(anonymous_41)
FNDA:0,(anonymous_42)
FNDA:0,(anonymous_43)
FNDA:0,(anonymous_44)
FNDA:0,(anonymous_45)
FNDA:0,(anonymous_46)
FNDA:0,(anonymous_47)
FNDA:0,(anonymous_48)
FNDA:0,(anonymous_49)
FNDA:0,(anonymous_50)
FNDA:0,(anonymous_51)
FNDA:0,(anonymous_52)
FNDA:0,(anonymous_53)
FNDA:0,(anonymous_54)
FNDA:0,(anonymous_55)
FNDA:0,(anonymous_56)
FNDA:0,(anonymous_57)
FNDA:0,(anonymous_58)
FNDA:0,(anonymous_59)
FNDA:0,(anonymous_60)
FNDA:0,(anonymous_61)
FNDA:0,(anonymous_62)
FNDA:0,(anonymous_63)
FNDA:0,(anonymous_64)
FNDA:0,(anonymous_65)
FNDA:0,(anonymous_66)
FNDA:0,(anonymous_67)
DA:15,1
DA:18,1
DA:19,0
DA:22,0
DA:23,0
DA:24,0
DA:26,0
DA:29,0
DA:30,0
DA:33,0
DA:36,0
DA:40,0
DA:43,0
DA:44,0
DA:45,0
DA:49,0
DA:50,0
DA:51,0
DA:52,0
DA:53,0
DA:56,0
DA:59,0
DA:63,0
DA:65,0
DA:66,0
DA:67,0
DA:68,0
DA:69,0
DA:70,0
DA:72,0
DA:73,0
DA:74,0
DA:75,0
DA:77,0
DA:78,0
DA:79,0
DA:80,0
DA:86,0
DA:87,0
DA:88,0
DA:90,0
DA:91,0
DA:92,0
DA:94,0
DA:97,0
DA:98,0
DA:99,0
DA:101,0
DA:102,0
DA:109,0
DA:110,0
DA:111,0
DA:113,0
DA:115,0
DA:116,0
DA:117,0
DA:118,0
DA:121,0
DA:123,0
DA:124,0
DA:126,0
DA:127,0
DA:129,0
DA:130,0
DA:133,0
DA:137,0
DA:138,0
DA:139,0
DA:140,0
DA:142,0
DA:143,0
DA:147,0
DA:148,0
DA:150,0
DA:158,0
DA:159,0
DA:162,0
DA:163,0
DA:164,0
DA:165,0
DA:166,0
DA:167,0
DA:168,0
DA:169,0
DA:172,0
DA:180,0
DA:181,0
DA:182,0
DA:183,0
DA:187,0
DA:188,0
DA:189,0
DA:194,0
DA:195,0
DA:200,0
DA:201,0
DA:202,0
DA:206,0
DA:207,0
DA:209,0
DA:210,0
DA:211,0
DA:215,0
DA:216,0
DA:219,0
DA:221,0
DA:222,0
DA:223,0
DA:224,0
DA:226,0
DA:230,0
DA:231,0
DA:233,0
DA:234,0
DA:235,0
DA:236,0
DA:238,0
DA:239,0
DA:240,0
DA:243,0
DA:245,0
DA:247,0
DA:248,0
DA:252,0
DA:254,0
DA:256,0
DA:257,0
DA:258,0
DA:260,0
DA:262,0
DA:270,0
DA:282,0
DA:283,0
DA:285,0
DA:290,0
DA:298,0
DA:299,0
DA:302,0
DA:308,0
DA:362,0
DA:363,0
DA:364,0
DA:365,0
DA:366,0
DA:368,0
DA:384,0
DA:402,0
DA:403,0
DA:404,0
DA:405,0
DA:454,0
DA:455,0
DA:456,0
DA:457,0
DA:458,0
DA:459,0
DA:461,0
DA:462,0
DA:464,0
DA:465,0
DA:466,0
DA:467,0
DA:468,0
DA:470,0
DA:472,0
DA:479,0
DA:480,0
DA:488,0
DA:507,0
DA:511,0
DA:520,0
DA:550,0
DA:551,0
DA:553,0
DA:555,0
DA:556,0
DA:557,0
DA:558,0
DA:559,0
DA:561,0
DA:564,0
DA:565,0
DA:568,0
DA:569,0
DA:570,0
DA:571,0
DA:573,0
DA:574,0
DA:578,0
DA:579,0
DA:582,0
DA:585,0
DA:589,0
DA:622,0
DA:623,0
DA:625,0
DA:626,0
DA:627,0
DA:629,0
DA:630,0
DA:631,0
DA:633,0
DA:634,0
DA:635,0
DA:636,0
DA:637,0
DA:639,0
DA:643,0
DA:679,0
LF:209
LH:2
BRDA:22,0,0,0
BRDA:22,0,1,0
BRDA:23,1,0,0
BRDA:23,1,1,0
BRDA:30,2,0,0
BRDA:30,2,1,0
BRDA:33,3,0,0
BRDA:33,3,1,0
BRDA:36,4,0,0
BRDA:36,4,1,0
BRDA:38,5,0,0
BRDA:38,5,1,0
BRDA:44,6,0,0
BRDA:44,6,1,0
BRDA:45,7,0,0
BRDA:45,7,1,0
BRDA:47,8,0,0
BRDA:47,8,1,0
BRDA:49,9,0,0
BRDA:49,9,1,0
BRDA:51,10,0,0
BRDA:51,10,1,0
BRDA:59,11,0,0
BRDA:59,11,1,0
BRDA:60,12,0,0
BRDA:60,12,1,0
BRDA:60,13,0,0
BRDA:60,13,1,0
BRDA:67,14,0,0
BRDA:67,14,1,0
BRDA:73,15,0,0
BRDA:73,15,1,0
BRDA:74,16,0,0
BRDA:74,16,1,0
BRDA:74,17,0,0
BRDA:74,17,1,0
BRDA:77,18,0,0
BRDA:77,18,1,0
BRDA:79,19,0,0
BRDA:79,19,1,0
BRDA:87,20,0,0
BRDA:87,20,1,0
BRDA:91,21,0,0
BRDA:91,21,1,0
BRDA:97,22,0,0
BRDA:97,22,1,0
BRDA:104,23,0,0
BRDA:104,23,1,0
BRDA:111,24,0,0
BRDA:111,24,1,0
BRDA:115,25,0,0
BRDA:115,25,1,0
BRDA:117,26,0,0
BRDA:117,26,1,0
BRDA:118,27,0,0
BRDA:118,27,1,0
BRDA:121,28,0,0
BRDA:121,28,1,0
BRDA:121,29,0,0
BRDA:121,29,1,0
BRDA:121,29,2,0
BRDA:121,29,3,0
BRDA:121,29,4,0
BRDA:124,30,0,0
BRDA:124,30,1,0
BRDA:126,31,0,0
BRDA:126,31,1,0
BRDA:138,32,0,0
BRDA:138,32,1,0
BRDA:139,33,0,0
BRDA:139,33,1,0
BRDA:148,34,0,0
BRDA:148,34,1,0
BRDA:148,35,0,0
BRDA:148,35,1,0
BRDA:148,35,2,0
BRDA:163,36,0,0
BRDA:163,36,1,0
BRDA:168,37,0,0
BRDA:168,37,1,0
BRDA:175,38,0,0
BRDA:175,38,1,0
BRDA:181,39,0,0
BRDA:181,39,1,0
BRDA:181,40,0,0
BRDA:181,40,1,0
BRDA:191,41,0,0
BRDA:191,41,1,0
BRDA:194,42,0,0
BRDA:194,42,1,0
BRDA:200,43,0,0
BRDA:200,43,1,0
BRDA:201,44,0,0
BRDA:201,44,1,0
BRDA:202,45,0,0
BRDA:202,45,1,0
BRDA:204,46,0,0
BRDA:204,46,1,0
BRDA:209,47,0,0
BRDA:209,47,1,0
BRDA:223,48,0,0
BRDA:223,48,1,0
BRDA:233,49,0,0
BRDA:233,49,1,0
BRDA:238,50,0,0
BRDA:238,50,1,0
BRDA:239,51,0,0
BRDA:239,51,1,0
BRDA:239,52,0,0
BRDA:239,52,1,0
BRDA:239,52,2,0
BRDA:243,53,0,0
BRDA:243,53,1,0
BRDA:247,54,0,0
BRDA:247,54,1,0
BRDA:247,55,0,0
BRDA:247,55,1,0
BRDA:256,56,0,0
BRDA:256,56,1,0
BRDA:257,57,0,0
BRDA:257,57,1,0
BRDA:257,57,2,0
BRDA:278,58,0,0
BRDA:278,58,1,0
BRDA:287,59,0,0
BRDA:287,59,1,0
BRDA:304,60,0,0
BRDA:304,60,1,0
BRDA:310,61,0,0
BRDA:310,61,1,0
BRDA:315,62,0,0
BRDA:315,62,1,0
BRDA:319,63,0,0
BRDA:319,63,1,0
BRDA:325,64,0,0
BRDA:325,64,1,0
BRDA:337,65,0,0
BRDA:337,65,1,0
BRDA:356,66,0,0
BRDA:356,66,1,0
BRDA:379,67,0,0
BRDA:379,67,1,0
BRDA:380,68,0,0
BRDA:380,68,1,0
BRDA:387,69,0,0
BRDA:387,69,1,0
BRDA:391,70,0,0
BRDA:391,70,1,0
BRDA:398,71,0,0
BRDA:398,71,1,0
BRDA:398,71,2,0
BRDA:404,72,0,0
BRDA:404,72,1,0
BRDA:421,73,0,0
BRDA:421,73,1,0
BRDA:421,74,0,0
BRDA:421,74,1,0
BRDA:445,75,0,0
BRDA:445,75,1,0
BRDA:446,76,0,0
BRDA:446,76,1,0
BRDA:458,77,0,0
BRDA:458,77,1,0
BRDA:470,78,0,0
BRDA:470,78,1,0
BRDA:479,79,0,0
BRDA:479,79,1,0
BRDA:535,80,0,0
BRDA:535,80,1,0
BRDA:541,81,0,0
BRDA:541,81,1,0
BRDA:551,82,0,0
BRDA:551,82,1,0
BRDA:558,83,0,0
BRDA:558,83,1,0
BRDA:564,84,0,0
BRDA:564,84,1,0
BRDA:571,85,0,0
BRDA:571,85,1,0
BRDA:591,86,0,0
BRDA:591,86,1,0
BRDA:601,87,0,0
BRDA:601,87,1,0
BRDA:602,88,0,0
BRDA:602,88,1,0
BRDA:611,89,0,0
BRDA:611,89,1,0
BRDA:612,90,0,0
BRDA:612,90,1,0
BRDA:619,91,0,0
BRDA:619,91,1,0
BRDA:627,92,0,0
BRDA:627,92,1,0
BRDA:630,93,0,0
BRDA:630,93,1,0
BRDA:631,94,0,0
BRDA:631,94,1,0
BRDA:634,95,0,0
BRDA:634,95,1,0
BRDA:647,96,0,0
BRDA:647,96,1,0
BRDA:648,97,0,0
BRDA:648,97,1,0
BRDA:668,98,0,0
BRDA:668,98,1,0
BRDA:669,99,0,0
BRDA:669,99,1,0
BRDA:678,100,0,0
BRDA:678,100,1,0
BRDA:678,101,0,0
BRDA:678,101,1,0
BRDA:681,102,0,0
BRDA:681,102,1,0
BRDA:681,103,0,0
BRDA:681,103,1,0
BRDA:682,104,0,0
BRDA:682,104,1,0
BRDA:683,105,0,0
BRDA:683,105,1,0
BRDA:686,106,0,0
BRDA:686,106,1,0
BRDA:695,107,0,0
BRDA:695,107,1,0
BRDA:695,107,2,0
BRDA:696,108,0,0
BRDA:696,108,1,0
BRDA:699,109,0,0
BRDA:699,109,1,0
BRF:228
BRH:0
end_of_record
TN:
SF:src\components\expense\LiquidityBreakdownTable.tsx
FN:12,(anonymous_0)
FN:30,(anonymous_1)
FN:31,(anonymous_2)
FN:37,(anonymous_3)
FN:40,(anonymous_4)
FN:41,(anonymous_5)
FN:99,(anonymous_6)
FN:108,(anonymous_7)
FN:126,(anonymous_8)
FN:127,(anonymous_9)
FN:134,(anonymous_10)
FN:136,(anonymous_11)
FN:141,(anonymous_12)
FN:146,(anonymous_13)
FN:146,(anonymous_14)
FN:162,(anonymous_15)
FN:163,(anonymous_16)
FN:170,(anonymous_17)
FN:172,(anonymous_18)
FN:177,(anonymous_19)
FN:182,(anonymous_20)
FN:182,(anonymous_21)
FN:195,(anonymous_22)
FN:196,(anonymous_23)
FN:203,(anonymous_24)
FN:205,(anonymous_25)
FN:210,(anonymous_26)
FN:215,(anonymous_27)
FN:215,(anonymous_28)
FN:228,(anonymous_29)
FN:229,(anonymous_30)
FN:236,(anonymous_31)
FN:238,(anonymous_32)
FN:243,(anonymous_33)
FN:248,(anonymous_34)
FN:248,(anonymous_35)
FN:261,(anonymous_36)
FN:276,(anonymous_37)
FN:281,(anonymous_38)
FN:298,(anonymous_39)
FNF:40
FNH:3
FNDA:6,(anonymous_0)
FNDA:6,(anonymous_1)
FNDA:0,(anonymous_2)
FNDA:6,(anonymous_3)
FNDA:0,(anonymous_4)
FNDA:0,(anonymous_5)
FNDA:0,(anonymous_6)
FNDA:0,(anonymous_7)
FNDA:0,(anonymous_8)
FNDA:0,(anonymous_9)
FNDA:0,(anonymous_10)
FNDA:0,(anonymous_11)
FNDA:0,(anonymous_12)
FNDA:0,(anonymous_13)
FNDA:0,(anonymous_14)
FNDA:0,(anonymous_15)
FNDA:0,(anonymous_16)
FNDA:0,(anonymous_17)
FNDA:0,(anonymous_18)
FNDA:0,(anonymous_19)
FNDA:0,(anonymous_20)
FNDA:0,(anonymous_21)
FNDA:0,(anonymous_22)
FNDA:0,(anonymous_23)
FNDA:0,(anonymous_24)
FNDA:0,(anonymous_25)
FNDA:0,(anonymous_26)
FNDA:0,(anonymous_27)
FNDA:0,(anonymous_28)
FNDA:0,(anonymous_29)
FNDA:0,(anonymous_30)
FNDA:0,(anonymous_31)
FNDA:0,(anonymous_32)
FNDA:0,(anonymous_33)
FNDA:0,(anonymous_34)
FNDA:0,(anonymous_35)
FNDA:0,(anonymous_36)
FNDA:0,(anonymous_37)
FNDA:0,(anonymous_38)
FNDA:0,(anonymous_39)
DA:12,1
DA:24,6
DA:26,6
DA:27,6
DA:28,6
DA:30,6
DA:31,6
DA:32,0
DA:33,0
DA:36,6
DA:37,6
DA:40,6
DA:41,0
DA:47,6
DA:49,0
DA:100,0
DA:101,0
DA:102,0
DA:104,0
DA:108,0
DA:127,0
DA:128,0
DA:129,0
DA:134,0
DA:136,0
DA:141,0
DA:146,0
DA:147,0
DA:163,0
DA:164,0
DA:165,0
DA:170,0
DA:172,0
DA:177,0
DA:182,0
DA:183,0
DA:196,0
DA:197,0
DA:198,0
DA:203,0
DA:205,0
DA:210,0
DA:215,0
DA:216,0
DA:229,0
DA:230,0
DA:231,0
DA:236,0
DA:238,0
DA:243,0
DA:248,0
DA:249,0
DA:262,0
DA:263,0
DA:264,0
DA:276,0
DA:282,0
DA:299,0
LF:58
LH:11
BRDA:12,0,0,6
BRDA:32,1,0,0
BRDA:32,1,1,0
BRDA:32,2,0,0
BRDA:32,2,1,0
BRDA:43,3,0,0
BRDA:43,3,1,0
BRDA:47,4,0,6
BRDA:47,4,1,0
BRDA:53,5,0,0
BRDA:53,5,1,0
BRDA:55,6,0,0
BRDA:55,6,1,0
BRDA:60,7,0,0
BRDA:60,7,1,0
BRDA:87,8,0,0
BRDA:87,8,1,0
BRDA:90,9,0,0
BRDA:90,9,1,0
BRDA:101,10,0,0
BRDA:101,10,1,0
BRDA:102,11,0,0
BRDA:102,11,1,0
BRDA:107,12,0,0
BRDA:107,12,1,0
BRDA:108,13,0,0
BRDA:108,13,1,0
BRDA:111,14,0,0
BRDA:111,14,1,0
BRDA:113,15,0,0
BRDA:113,15,1,0
BRDA:116,16,0,0
BRDA:116,16,1,0
BRDA:127,17,0,0
BRDA:127,17,1,0
BRDA:129,18,0,0
BRDA:129,18,1,0
BRDA:133,19,0,0
BRDA:133,19,1,0
BRDA:134,20,0,0
BRDA:134,20,1,0
BRDA:136,21,0,0
BRDA:136,21,1,0
BRDA:140,22,0,0
BRDA:140,22,1,0
BRDA:140,22,2,0
BRDA:163,23,0,0
BRDA:163,23,1,0
BRDA:163,24,0,0
BRDA:163,24,1,0
BRDA:165,25,0,0
BRDA:165,25,1,0
BRDA:169,26,0,0
BRDA:169,26,1,0
BRDA:170,27,0,0
BRDA:170,27,1,0
BRDA:170,28,0,0
BRDA:170,28,1,0
BRDA:172,29,0,0
BRDA:172,29,1,0
BRDA:172,30,0,0
BRDA:172,30,1,0
BRDA:176,31,0,0
BRDA:176,31,1,0
BRDA:176,31,2,0
BRDA:182,32,0,0
BRDA:182,32,1,0
BRDA:196,33,0,0
BRDA:196,33,1,0
BRDA:198,34,0,0
BRDA:198,34,1,0
BRDA:202,35,0,0
BRDA:202,35,1,0
BRDA:203,36,0,0
BRDA:203,36,1,0
BRDA:205,37,0,0
BRDA:205,37,1,0
BRDA:209,38,0,0
BRDA:209,38,1,0
BRDA:209,38,2,0
BRDA:229,39,0,0
BRDA:229,39,1,0
BRDA:229,40,0,0
BRDA:229,40,1,0
BRDA:231,41,0,0
BRDA:231,41,1,0
BRDA:235,42,0,0
BRDA:235,42,1,0
BRDA:236,43,0,0
BRDA:236,43,1,0
BRDA:236,44,0,0
BRDA:236,44,1,0
BRDA:238,45,0,0
BRDA:238,45,1,0
BRDA:238,46,0,0
BRDA:238,46,1,0
BRDA:242,47,0,0
BRDA:242,47,1,0
BRDA:242,47,2,0
BRDA:248,48,0,0
BRDA:248,48,1,0
BRDA:262,49,0,0
BRDA:262,49,1,0
BRDA:262,50,0,0
BRDA:262,50,1,0
BRDA:264,51,0,0
BRDA:264,51,1,0
BRDA:268,52,0,0
BRDA:268,52,1,0
BRDA:269,53,0,0
BRDA:269,53,1,0
BRDA:269,54,0,0
BRDA:269,54,1,0
BRDA:271,55,0,0
BRDA:271,55,1,0
BRDA:271,55,2,0
BRDA:275,56,0,0
BRDA:275,56,1,0
BRDA:275,56,2,0
BRDA:275,56,3,0
BRDA:293,57,0,0
BRDA:293,57,1,0
BRDA:294,58,0,0
BRDA:294,58,1,0
BRDA:298,59,0,0
BRDA:298,59,1,0
BRDA:298,59,2,0
BRDA:311,60,0,0
BRDA:311,60,1,0
BRDA:317,61,0,0
BRDA:317,61,1,0
BRDA:320,62,0,0
BRDA:320,62,1,0
BRDA:323,63,0,0
BRDA:323,63,1,0
BRDA:326,64,0,0
BRDA:326,64,1,0
BRDA:328,65,0,0
BRDA:328,65,1,0
BRDA:329,66,0,0
BRDA:329,66,1,0
BRDA:366,67,0,0
BRDA:366,67,1,0
BRDA:367,68,0,0
BRDA:367,68,1,0
BRF:145
BRH:2
end_of_record
TN:
SF:src\components\expense\SavingsAndLiquidityView.tsx
FN:13,(anonymous_0)
FN:38,(anonymous_1)
FN:42,(anonymous_2)
FN:80,(anonymous_3)
FN:100,(anonymous_4)
FNF:5
FNH:0
FNDA:0,(anonymous_0)
FNDA:0,(anonymous_1)
FNDA:0,(anonymous_2)
FNDA:0,(anonymous_3)
FNDA:0,(anonymous_4)
DA:13,1
DA:14,0
DA:15,0
DA:17,0
DA:34,0
DA:35,0
DA:37,0
DA:38,0
DA:41,0
DA:42,0
DA:49,0
DA:81,0
DA:100,0
LF:13
LH:1
BRDA:37,0,0,0
BRDA:37,0,1,0
BRDA:38,1,0,0
BRDA:38,1,1,0
BRDA:41,2,0,0
BRDA:41,2,1,0
BRDA:41,3,0,0
BRDA:41,3,1,0
BRDA:42,4,0,0
BRDA:42,4,1,0
BRDA:53,5,0,0
BRDA:53,5,1,0
BRDA:63,6,0,0
BRDA:63,6,1,0
BRF:14
BRH:0
end_of_record
TN:
SF:src\components\expense\SinkingFundModule_Liquidity.tsx
FN:39,(anonymous_0)
FN:85,(anonymous_1)
FN:94,(anonymous_2)
FN:129,(anonymous_3)
FN:131,(anonymous_4)
FN:134,(anonymous_5)
FN:136,(anonymous_6)
FN:138,(anonymous_7)
FN:174,(anonymous_8)
FN:175,(anonymous_9)
FN:180,(anonymous_10)
FN:203,(anonymous_11)
FN:205,(anonymous_12)
FN:228,(anonymous_13)
FN:229,(anonymous_14)
FN:244,(anonymous_15)
FN:263,(anonymous_16)
FN:265,(anonymous_17)
FN:294,(anonymous_18)
FN:319,(anonymous_19)
FN:325,(anonymous_20)
FN:346,(anonymous_21)
FN:385,(anonymous_22)
FN:411,(anonymous_23)
FN:421,(anonymous_24)
FN:428,(anonymous_25)
FN:453,(anonymous_26)
FN:466,(anonymous_27)
FN:474,(anonymous_28)
FN:483,(anonymous_29)
FN:491,(anonymous_30)
FN:494,(anonymous_31)
FN:505,(anonymous_32)
FN:507,(anonymous_33)
FN:518,(anonymous_34)
FN:533,(anonymous_35)
FN:540,(anonymous_36)
FN:547,(anonymous_37)
FN:554,(anonymous_38)
FN:563,(anonymous_39)
FN:571,(anonymous_40)
FN:579,(anonymous_41)
FN:593,(anonymous_42)
FN:611,(anonymous_43)
FN:619,(anonymous_44)
FN:621,(anonymous_45)
FN:630,(anonymous_46)
FN:669,(anonymous_47)
FN:673,(anonymous_48)
FN:678,(anonymous_49)
FN:693,(anonymous_50)
FN:699,(anonymous_51)
FN:710,(anonymous_52)
FN:740,(anonymous_53)
FN:780,(anonymous_54)
FN:783,(anonymous_55)
FN:786,(anonymous_56)
FN:831,(anonymous_57)
FN:833,(anonymous_58)
FN:879,(anonymous_59)
FN:889,(anonymous_60)
FN:903,(anonymous_61)
FN:934,(anonymous_62)
FN:968,(anonymous_63)
FN:976,(anonymous_64)
FN:982,(anonymous_65)
FN:1017,(anonymous_66)
FN:1026,(anonymous_67)
FN:1036,(anonymous_68)
FN:1044,(anonymous_69)
FN:1051,(anonymous_70)
FN:1064,(anonymous_71)
FN:1108,(anonymous_72)
FN:1123,(anonymous_73)
FN:1123,(anonymous_74)
FN:1140,(anonymous_75)
FN:1147,(anonymous_76)
FN:1157,(anonymous_77)
FN:1157,(anonymous_78)
FN:1163,(anonymous_79)
FN:1163,(anonymous_80)
FN:1190,(anonymous_81)
FN:1204,(anonymous_82)
FN:1211,(anonymous_83)
FN:1286,(anonymous_84)
FN:1306,(anonymous_85)
FN:1307,(anonymous_86)
FNF:87
FNH:0
FNDA:0,(anonymous_0)
FNDA:0,(anonymous_1)
FNDA:0,(anonymous_2)
FNDA:0,(anonymous_3)
FNDA:0,(anonymous_4)
FNDA:0,(anonymous_5)
FNDA:0,(anonymous_6)
FNDA:0,(anonymous_7)
FNDA:0,(anonymous_8)
FNDA:0,(anonymous_9)
FNDA:0,(anonymous_10)
FNDA:0,(anonymous_11)
FNDA:0,(anonymous_12)
FNDA:0,(anonymous_13)
FNDA:0,(anonymous_14)
FNDA:0,(anonymous_15)
FNDA:0,(anonymous_16)
FNDA:0,(anonymous_17)
FNDA:0,(anonymous_18)
FNDA:0,(anonymous_19)
FNDA:0,(anonymous_20)
FNDA:0,(anonymous_21)
FNDA:0,(anonymous_22)
FNDA:0,(anonymous_23)
FNDA:0,(anonymous_24)
FNDA:0,(anonymous_25)
FNDA:0,(anonymous_26)
FNDA:0,(anonymous_27)
FNDA:0,(anonymous_28)
FNDA:0,(anonymous_29)
FNDA:0,(anonymous_30)
FNDA:0,(anonymous_31)
FNDA:0,(anonymous_32)
FNDA:0,(anonymous_33)
FNDA:0,(anonymous_34)
FNDA:0,(anonymous_35)
FNDA:0,(anonymous_36)
FNDA:0,(anonymous_37)
FNDA:0,(anonymous_38)
FNDA:0,(anonymous_39)
FNDA:0,(anonymous_40)
FNDA:0,(anonymous_41)
FNDA:0,(anonymous_42)
FNDA:0,(anonymous_43)
FNDA:0,(anonymous_44)
FNDA:0,(anonymous_45)
FNDA:0,(anonymous_46)
FNDA:0,(anonymous_47)
FNDA:0,(anonymous_48)
FNDA:0,(anonymous_49)
FNDA:0,(anonymous_50)
FNDA:0,(anonymous_51)
FNDA:0,(anonymous_52)
FNDA:0,(anonymous_53)
FNDA:0,(anonymous_54)
FNDA:0,(anonymous_55)
FNDA:0,(anonymous_56)
FNDA:0,(anonymous_57)
FNDA:0,(anonymous_58)
FNDA:0,(anonymous_59)
FNDA:0,(anonymous_60)
FNDA:0,(anonymous_61)
FNDA:0,(anonymous_62)
FNDA:0,(anonymous_63)
FNDA:0,(anonymous_64)
FNDA:0,(anonymous_65)
FNDA:0,(anonymous_66)
FNDA:0,(anonymous_67)
FNDA:0,(anonymous_68)
FNDA:0,(anonymous_69)
FNDA:0,(anonymous_70)
FNDA:0,(anonymous_71)
FNDA:0,(anonymous_72)
FNDA:0,(anonymous_73)
FNDA:0,(anonymous_74)
FNDA:0,(anonymous_75)
FNDA:0,(anonymous_76)
FNDA:0,(anonymous_77)
FNDA:0,(anonymous_78)
FNDA:0,(anonymous_79)
FNDA:0,(anonymous_80)
FNDA:0,(anonymous_81)
FNDA:0,(anonymous_82)
FNDA:0,(anonymous_83)
FNDA:0,(anonymous_84)
FNDA:0,(anonymous_85)
FNDA:0,(anonymous_86)
DA:39,1
DA:61,0
DA:64,0
DA:81,0
DA:82,0
DA:83,0
DA:85,0
DA:87,0
DA:88,0
DA:89,0
DA:90,0
DA:91,0
DA:92,0
DA:94,0
DA:95,0
DA:96,0
DA:97,0
DA:98,0
DA:100,0
DA:116,0
DA:117,0
DA:118,0
DA:119,0
DA:120,0
DA:129,0
DA:131,0
DA:133,0
DA:134,0
DA:136,0
DA:137,0
DA:138,0
DA:139,0
DA:140,0
DA:144,0
DA:145,0
DA:146,0
DA:147,0
DA:148,0
DA:149,0
DA:151,0
DA:154,0
DA:155,0
DA:157,0
DA:159,0
DA:160,0
DA:161,0
DA:162,0
DA:163,0
DA:164,0
DA:165,0
DA:166,0
DA:167,0
DA:169,0
DA:172,0
DA:173,0
DA:174,0
DA:175,0
DA:176,0
DA:177,0
DA:180,0
DA:181,0
DA:183,0
DA:184,0
DA:191,0
DA:196,0
DA:203,0
DA:205,0
DA:206,0
DA:208,0
DA:209,0
DA:211,0
DA:212,0
DA:214,0
DA:215,0
DA:217,0
DA:218,0
DA:219,0
DA:221,0
DA:222,0
DA:223,0
DA:224,0
DA:227,0
DA:228,0
DA:229,0
DA:230,0
DA:241,0
DA:244,0
DA:245,0
DA:246,0
DA:247,0
DA:257,0
DA:259,0
DA:263,0
DA:264,0
DA:265,0
DA:266,0
DA:267,0
DA:270,0
DA:271,0
DA:272,0
DA:274,0
DA:275,0
DA:279,0
DA:280,0
DA:281,0
DA:282,0
DA:283,0
DA:284,0
DA:286,0
DA:287,0
DA:293,0
DA:294,0
DA:295,0
DA:296,0
DA:297,0
DA:298,0
DA:299,0
DA:300,0
DA:301,0
DA:302,0
DA:314,0
DA:315,0
DA:318,0
DA:319,0
DA:325,0
DA:326,0
DA:327,0
DA:328,0
DA:330,0
DA:331,0
DA:332,0
DA:333,0
DA:335,0
DA:336,0
DA:337,0
DA:338,0
DA:339,0
DA:341,0
DA:344,0
DA:345,0
DA:346,0
DA:347,0
DA:348,0
DA:349,0
DA:350,0
DA:352,0
DA:363,0
DA:364,0
DA:366,0
DA:367,0
DA:368,0
DA:370,0
DA:371,0
DA:372,0
DA:374,0
DA:375,0
DA:378,0
DA:379,0
DA:380,0
DA:381,0
DA:382,0
DA:383,0
DA:385,0
DA:386,0
DA:387,0
DA:388,0
DA:389,0
DA:390,0
DA:392,0
DA:395,0
DA:396,0
DA:409,0
DA:410,0
DA:411,0
DA:412,0
DA:414,0
DA:418,0
DA:419,0
DA:420,0
DA:421,0
DA:422,0
DA:423,0
DA:425,0
DA:428,0
DA:431,0
DA:441,0
DA:454,0
DA:455,0
DA:457,0
DA:466,0
DA:474,0
DA:483,0
DA:491,0
DA:495,0
DA:505,0
DA:508,0
DA:518,0
DA:533,0
DA:540,0
DA:547,0
DA:554,0
DA:563,0
DA:571,0
DA:579,0
DA:593,0
DA:612,0
DA:613,0
DA:614,0
DA:615,0
DA:620,0
DA:621,0
DA:623,0
DA:624,0
DA:625,0
DA:627,0
DA:629,0
DA:630,0
DA:631,0
DA:632,0
DA:639,0
DA:645,0
DA:646,0
DA:648,0
DA:649,0
DA:650,0
DA:670,0
DA:671,0
DA:673,0
DA:674,0
DA:678,0
DA:694,0
DA:695,0
DA:696,0
DA:699,0
DA:700,0
DA:702,0
DA:711,0
DA:712,0
DA:741,0
DA:742,0
DA:743,0
DA:755,0
DA:756,0
DA:757,0
DA:781,0
DA:782,0
DA:783,0
DA:785,0
DA:786,0
DA:787,0
DA:788,0
DA:789,0
DA:790,0
DA:791,0
DA:792,0
DA:793,0
DA:794,0
DA:798,0
DA:799,0
DA:814,0
DA:815,0
DA:816,0
DA:817,0
DA:818,0
DA:819,0
DA:831,0
DA:833,0
DA:834,0
DA:835,0
DA:836,0
DA:837,0
DA:839,0
DA:879,0
DA:889,0
DA:904,0
DA:905,0
DA:913,0
DA:935,0
DA:936,0
DA:944,0
DA:968,0
DA:969,0
DA:977,0
DA:983,0
DA:1017,0
DA:1026,0
DA:1036,0
DA:1044,0
DA:1052,0
DA:1053,0
DA:1054,0
DA:1055,0
DA:1056,0
DA:1058,0
DA:1061,0
DA:1062,0
DA:1064,0
DA:1065,0
DA:1066,0
DA:1067,0
DA:1069,0
DA:1073,0
DA:1074,0
DA:1075,0
DA:1076,0
DA:1079,0
DA:1080,0
DA:1081,0
DA:1083,0
DA:1084,0
DA:1088,0
DA:1089,0
DA:1090,0
DA:1091,0
DA:1092,0
DA:1093,0
DA:1094,0
DA:1101,0
DA:1106,0
DA:1108,0
DA:1109,0
DA:1110,0
DA:1111,0
DA:1112,0
DA:1119,0
DA:1123,0
DA:1125,0
DA:1141,0
DA:1148,0
DA:1157,0
DA:1158,0
DA:1163,0
DA:1164,0
DA:1182,0
DA:1191,0
DA:1192,0
DA:1193,0
DA:1194,0
DA:1201,0
DA:1204,0
DA:1212,0
DA:1213,0
DA:1214,0
DA:1215,0
DA:1216,0
DA:1227,0
DA:1229,0
DA:1232,0
DA:1233,0
DA:1234,0
DA:1235,0
DA:1238,0
DA:1239,0
DA:1241,0
DA:1242,0
DA:1243,0
DA:1244,0
DA:1258,0
DA:1259,0
DA:1260,0
DA:1268,0
DA:1270,0
DA:1281,0
DA:1287,0
DA:1288,0
DA:1303,0
DA:1304,0
DA:1306,0
DA:1308,0
DA:1309,0
DA:1310,0
DA:1311,0
DA:1312,0
DA:1325,0
LF:374
LH:1
BRDA:40,0,0,0
BRDA:43,1,0,0
BRDA:44,2,0,0
BRDA:45,3,0,0
BRDA:46,4,0,0
BRDA:47,5,0,0
BRDA:85,6,0,0
BRDA:85,6,1,0
BRDA:85,7,0,0
BRDA:85,7,1,0
BRDA:85,8,0,0
BRDA:85,8,1,0
BRDA:125,9,0,0
BRDA:125,9,1,0
BRDA:129,10,0,0
BRDA:129,10,1,0
BRDA:129,11,0,0
BRDA:129,11,1,0
BRDA:129,12,0,0
BRDA:129,12,1,0
BRDA:137,13,0,0
BRDA:137,13,1,0
BRDA:139,14,0,0
BRDA:139,14,1,0
BRDA:146,15,0,0
BRDA:146,15,1,0
BRDA:146,16,0,0
BRDA:146,16,1,0
BRDA:147,17,0,0
BRDA:147,17,1,0
BRDA:149,18,0,0
BRDA:149,18,1,0
BRDA:154,19,0,0
BRDA:154,19,1,0
BRDA:159,20,0,0
BRDA:159,20,1,0
BRDA:160,21,0,0
BRDA:160,21,1,0
BRDA:162,22,0,0
BRDA:162,22,1,0
BRDA:163,23,0,0
BRDA:163,23,1,0
BRDA:163,24,0,0
BRDA:163,24,1,0
BRDA:163,25,0,0
BRDA:163,25,1,0
BRDA:165,26,0,0
BRDA:165,26,1,0
BRDA:166,27,0,0
BRDA:166,27,1,0
BRDA:173,28,0,0
BRDA:173,28,1,0
BRDA:173,29,0,0
BRDA:173,29,1,0
BRDA:174,30,0,0
BRDA:174,30,1,0
BRDA:175,31,0,0
BRDA:175,31,1,0
BRDA:176,32,0,0
BRDA:176,32,1,0
BRDA:177,33,0,0
BRDA:177,33,1,0
BRDA:183,34,0,0
BRDA:183,34,1,0
BRDA:185,35,0,0
BRDA:185,35,1,0
BRDA:187,36,0,0
BRDA:187,36,1,0
BRDA:206,37,0,0
BRDA:206,37,1,0
BRDA:217,38,0,0
BRDA:217,38,1,0
BRDA:227,39,0,0
BRDA:227,39,1,0
BRDA:227,40,0,0
BRDA:227,40,1,0
BRDA:245,41,0,0
BRDA:245,41,1,0
BRDA:245,42,0,0
BRDA:245,42,1,0
BRDA:263,43,0,0
BRDA:263,43,1,0
BRDA:263,44,0,0
BRDA:263,44,1,0
BRDA:264,45,0,0
BRDA:264,45,1,0
BRDA:270,46,0,0
BRDA:270,46,1,0
BRDA:279,47,0,0
BRDA:279,47,1,0
BRDA:279,48,0,0
BRDA:279,48,1,0
BRDA:280,49,0,0
BRDA:280,49,1,0
BRDA:282,50,0,0
BRDA:282,50,1,0
BRDA:293,51,0,0
BRDA:293,51,1,0
BRDA:296,52,0,0
BRDA:296,52,1,0
BRDA:297,53,0,0
BRDA:297,53,1,0
BRDA:301,54,0,0
BRDA:301,54,1,0
BRDA:326,55,0,0
BRDA:326,55,1,0
BRDA:331,56,0,0
BRDA:331,56,1,0
BRDA:335,57,0,0
BRDA:335,57,1,0
BRDA:337,58,0,0
BRDA:337,58,1,0
BRDA:344,59,0,0
BRDA:344,59,1,0
BRDA:347,60,0,0
BRDA:347,60,1,0
BRDA:349,61,0,0
BRDA:349,61,1,0
BRDA:350,62,0,0
BRDA:350,62,1,0
BRDA:364,63,0,0
BRDA:364,63,1,0
BRDA:367,64,0,0
BRDA:367,64,1,0
BRDA:368,65,0,0
BRDA:368,65,1,0
BRDA:370,66,0,0
BRDA:370,66,1,0
BRDA:371,67,0,0
BRDA:371,67,1,0
BRDA:371,68,0,0
BRDA:371,68,1,0
BRDA:374,69,0,0
BRDA:374,69,1,0
BRDA:374,70,0,0
BRDA:374,70,1,0
BRDA:375,71,0,0
BRDA:375,71,1,0
BRDA:375,72,0,0
BRDA:375,72,1,0
BRDA:378,73,0,0
BRDA:378,73,1,0
BRDA:387,74,0,0
BRDA:387,74,1,0
BRDA:388,75,0,0
BRDA:388,75,1,0
BRDA:389,76,0,0
BRDA:389,76,1,0
BRDA:389,77,0,0
BRDA:389,77,1,0
BRDA:395,78,0,0
BRDA:395,78,1,0
BRDA:398,79,0,0
BRDA:398,79,1,0
BRDA:398,80,0,0
BRDA:398,80,1,0
BRDA:405,81,0,0
BRDA:405,81,1,0
BRDA:406,82,0,0
BRDA:406,82,1,0
BRDA:409,83,0,0
BRDA:409,83,1,0
BRDA:435,84,0,0
BRDA:435,84,1,0
BRDA:454,85,0,0
BRDA:454,85,1,0
BRDA:463,86,0,0
BRDA:463,86,1,0
BRDA:503,87,0,0
BRDA:503,87,1,0
BRDA:512,88,0,0
BRDA:512,88,1,0
BRDA:531,89,0,0
BRDA:531,89,1,0
BRDA:538,90,0,0
BRDA:538,90,1,0
BRDA:545,91,0,0
BRDA:545,91,1,0
BRDA:552,92,0,0
BRDA:552,92,1,0
BRDA:602,93,0,0
BRDA:602,93,1,0
BRDA:608,94,0,0
BRDA:608,94,1,0
BRDA:620,95,0,0
BRDA:620,95,1,0
BRDA:623,96,0,0
BRDA:623,96,1,0
BRDA:623,97,0,0
BRDA:623,97,1,0
BRDA:623,97,2,0
BRDA:629,98,0,0
BRDA:629,98,1,0
BRDA:631,99,0,0
BRDA:631,99,1,0
BRDA:635,100,0,0
BRDA:635,100,1,0
BRDA:643,101,0,0
BRDA:643,101,1,0
BRDA:653,102,0,0
BRDA:653,102,1,0
BRDA:655,103,0,0
BRDA:655,103,1,0
BRDA:661,104,0,0
BRDA:661,104,1,0
BRDA:675,105,0,0
BRDA:675,105,1,0
BRDA:678,106,0,0
BRDA:678,106,1,0
BRDA:683,107,0,0
BRDA:683,107,1,0
BRDA:687,108,0,0
BRDA:687,108,1,0
BRDA:687,109,0,0
BRDA:687,109,1,0
BRDA:687,110,0,0
BRDA:687,110,1,0
BRDA:687,111,0,0
BRDA:687,111,1,0
BRDA:687,112,0,0
BRDA:687,112,1,0
BRDA:689,113,0,0
BRDA:689,113,1,0
BRDA:689,113,2,0
BRDA:695,114,0,0
BRDA:695,114,1,0
BRDA:696,115,0,0
BRDA:696,115,1,0
BRDA:699,116,0,0
BRDA:699,116,1,0
BRDA:700,117,0,0
BRDA:700,117,1,0
BRDA:700,117,2,0
BRDA:700,117,3,0
BRDA:700,117,4,0
BRDA:700,117,5,0
BRDA:705,118,0,0
BRDA:705,118,1,0
BRDA:708,119,0,0
BRDA:708,119,1,0
BRDA:711,120,0,0
BRDA:711,120,1,0
BRDA:724,121,0,0
BRDA:724,121,1,0
BRDA:729,122,0,0
BRDA:729,122,1,0
BRDA:729,122,2,0
BRDA:734,123,0,0
BRDA:734,123,1,0
BRDA:742,124,0,0
BRDA:742,124,1,0
BRDA:745,125,0,0
BRDA:745,125,1,0
BRDA:750,126,0,0
BRDA:750,126,1,0
BRDA:703,127,0,0
BRDA:703,127,1,0
BRDA:771,128,0,0
BRDA:771,128,1,0
BRDA:783,129,0,0
BRDA:783,129,1,0
BRDA:785,130,0,0
BRDA:785,130,1,0
BRDA:787,131,0,0
BRDA:787,131,1,0
BRDA:789,132,0,0
BRDA:789,132,1,0
BRDA:793,133,0,0
BRDA:793,133,1,0
BRDA:798,134,0,0
BRDA:798,134,1,0
BRDA:798,135,0,0
BRDA:798,135,1,0
BRDA:804,136,0,0
BRDA:804,136,1,0
BRDA:804,136,2,0
BRDA:806,137,0,0
BRDA:806,137,1,0
BRDA:815,138,0,0
BRDA:815,138,1,0
BRDA:815,139,0,0
BRDA:815,139,1,0
BRDA:818,140,0,0
BRDA:818,140,1,0
BRDA:824,141,0,0
BRDA:824,141,1,0
BRDA:826,142,0,0
BRDA:826,142,1,0
BRDA:836,143,0,0
BRDA:836,143,1,0
BRDA:845,144,0,0
BRDA:845,144,1,0
BRDA:847,145,0,0
BRDA:847,145,1,0
BRDA:847,146,0,0
BRDA:847,146,1,0
BRDA:852,147,0,0
BRDA:852,147,1,0
BRDA:852,147,2,0
BRDA:858,148,0,0
BRDA:858,148,1,0
BRDA:858,149,0,0
BRDA:858,149,1,0
BRDA:858,150,0,0
BRDA:858,150,1,0
BRDA:861,151,0,0
BRDA:861,151,1,0
BRDA:878,152,0,0
BRDA:878,152,1,0
BRDA:888,153,0,0
BRDA:888,153,1,0
BRDA:906,154,0,0
BRDA:906,154,1,0
BRDA:908,155,0,0
BRDA:908,155,1,0
BRDA:937,156,0,0
BRDA:937,156,1,0
BRDA:939,157,0,0
BRDA:939,157,1,0
BRDA:952,158,0,0
BRDA:952,158,1,0
BRDA:952,158,2,0
BRDA:972,159,0,0
BRDA:972,159,1,0
BRDA:972,160,0,0
BRDA:972,160,1,0
BRDA:991,161,0,0
BRDA:991,161,1,0
BRDA:996,162,0,0
BRDA:996,162,1,0
BRDA:1002,163,0,0
BRDA:1002,163,1,0
BRDA:1005,164,0,0
BRDA:1005,164,1,0
BRDA:1005,164,2,0
BRDA:1031,165,0,0
BRDA:1031,165,1,0
BRDA:1042,166,0,0
BRDA:1042,166,1,0
BRDA:1052,167,0,0
BRDA:1052,167,1,0
BRDA:1053,168,0,0
BRDA:1053,168,1,0
BRDA:1054,169,0,0
BRDA:1054,169,1,0
BRDA:1054,170,0,0
BRDA:1054,170,1,0
BRDA:1058,171,0,0
BRDA:1058,171,1,0
BRDA:1066,172,0,0
BRDA:1066,172,1,0
BRDA:1079,173,0,0
BRDA:1079,173,1,0
BRDA:1088,174,0,0
BRDA:1088,174,1,0
BRDA:1088,175,0,0
BRDA:1088,175,1,0
BRDA:1090,176,0,0
BRDA:1090,176,1,0
BRDA:1095,177,0,0
BRDA:1095,177,1,0
BRDA:1106,178,0,0
BRDA:1106,178,1,0
BRDA:1106,179,0,0
BRDA:1106,179,1,0
BRDA:1110,180,0,0
BRDA:1110,180,1,0
BRDA:1113,181,0,0
BRDA:1113,181,1,0
BRDA:1123,182,0,0
BRDA:1123,182,1,0
BRDA:1133,183,0,0
BRDA:1133,183,1,0
BRDA:1154,184,0,0
BRDA:1154,184,1,0
BRDA:1171,185,0,0
BRDA:1171,185,1,0
BRDA:1171,185,2,0
BRDA:1187,186,0,0
BRDA:1187,186,1,0
BRDA:1191,187,0,0
BRDA:1191,187,1,0
BRDA:1192,188,0,0
BRDA:1192,188,1,0
BRDA:1193,189,0,0
BRDA:1193,189,1,0
BRDA:1208,190,0,0
BRDA:1208,190,1,0
BRDA:1208,190,2,0
BRDA:1212,191,0,0
BRDA:1212,191,1,0
BRDA:1213,192,0,0
BRDA:1213,192,1,0
BRDA:1215,193,0,0
BRDA:1215,193,1,0
BRDA:1217,194,0,0
BRDA:1217,194,1,0
BRDA:1222,195,0,0
BRDA:1222,195,1,0
BRDA:1222,195,2,0
BRDA:1232,196,0,0
BRDA:1232,196,1,0
BRDA:1233,197,0,0
BRDA:1233,197,1,0
BRDA:1233,198,0,0
BRDA:1233,198,1,0
BRDA:1241,199,0,0
BRDA:1241,199,1,0
BRDA:1242,200,0,0
BRDA:1242,200,1,0
BRDA:1246,201,0,0
BRDA:1246,201,1,0
BRDA:1251,202,0,0
BRDA:1251,202,1,0
BRDA:1251,202,2,0
BRDA:1259,203,0,0
BRDA:1259,203,1,0
BRDA:1265,204,0,0
BRDA:1265,204,1,0
BRDA:1265,205,0,0
BRDA:1265,205,1,0
BRDA:1283,206,0,0
BRDA:1283,206,1,0
BRDA:1283,207,0,0
BRDA:1283,207,1,0
BRDA:1290,208,0,0
BRDA:1290,208,1,0
BRDA:1291,209,0,0
BRDA:1291,209,1,0
BRDA:1296,210,0,0
BRDA:1296,210,1,0
BRDA:1297,211,0,0
BRDA:1297,211,1,0
BRDA:1298,212,0,0
BRDA:1298,212,1,0
BRDA:1301,213,0,0
BRDA:1301,213,1,0
BRDA:1306,214,0,0
BRDA:1306,214,1,0
BRDA:1317,215,0,0
BRDA:1317,215,1,0
BRDA:1318,216,0,0
BRDA:1318,216,1,0
BRDA:1318,217,0,0
BRDA:1318,217,1,0
BRDA:1327,218,0,0
BRDA:1327,218,1,0
BRDA:1332,219,0,0
BRDA:1332,219,1,0
BRDA:1333,220,0,0
BRDA:1333,220,1,0
BRDA:1334,221,0,0
BRDA:1334,221,1,0
BRDA:1335,222,0,0
BRDA:1335,222,1,0
BRF:455
BRH:0
end_of_record
TN:
SF:src\components\layout\Sidebar.tsx
FN:28,(anonymous_0)
FN:68,(anonymous_1)
FN:92,(anonymous_2)
FN:97,(anonymous_3)
FN:103,(anonymous_4)
FNF:5
FNH:5
FNDA:4,(anonymous_0)
FNDA:2,(anonymous_1)
FNDA:16,(anonymous_2)
FNDA:64,(anonymous_3)
FNDA:2,(anonymous_4)
DA:28,1
DA:29,4
DA:68,4
DA:69,2
DA:70,2
DA:71,2
DA:75,4
DA:93,16
DA:98,64
DA:99,64
DA:100,64
DA:103,2
LF:12
LH:12
BRDA:70,0,0,2
BRDA:70,0,1,0
BRDA:84,1,0,4
BRDA:84,1,1,4
BRDA:105,2,0,4
BRDA:105,2,1,60
BRF:6
BRH:5
end_of_record
TN:
SF:src\components\portfolio\ExpertPortfolioCharts.tsx
FN:49,(anonymous_0)
FN:62,(anonymous_1)
FN:70,(anonymous_2)
FN:77,(anonymous_3)
FN:82,(anonymous_4)
FN:86,(anonymous_5)
FN:89,(anonymous_6)
FN:109,(anonymous_7)
FN:112,(anonymous_8)
FN:115,(anonymous_9)
FN:116,(anonymous_10)
FN:126,(anonymous_11)
FN:129,(anonymous_12)
FN:143,(anonymous_13)
FN:162,(anonymous_14)
FN:211,(anonymous_15)
FN:234,(anonymous_16)
FN:238,(anonymous_17)
FN:261,(anonymous_18)
FNF:19
FNH:12
FNDA:10,(anonymous_0)
FNDA:10,(anonymous_1)
FNDA:50,(anonymous_2)
FNDA:40,(anonymous_3)
FNDA:40,(anonymous_4)
FNDA:10,(anonymous_5)
FNDA:50,(anonymous_6)
FNDA:10,(anonymous_7)
FNDA:50,(anonymous_8)
FNDA:0,(anonymous_9)
FNDA:0,(anonymous_10)
FNDA:50,(anonymous_11)
FNDA:0,(anonymous_12)
FNDA:0,(anonymous_13)
FNDA:0,(anonymous_14)
FNDA:10,(anonymous_15)
FNDA:0,(anonymous_16)
FNDA:50,(anonymous_17)
FNDA:0,(anonymous_18)
DA:25,1
DA:35,1
DA:42,1
DA:49,1
DA:59,10
DA:62,10
DA:63,10
DA:64,10
DA:67,10
DA:70,10
DA:71,50
DA:72,50
DA:73,50
DA:74,50
DA:77,40
DA:82,40
DA:86,10
DA:87,10
DA:89,10
DA:90,50
DA:91,50
DA:92,50
DA:93,50
DA:94,50
DA:96,50
DA:98,50
DA:109,10
DA:110,10
DA:112,10
DA:113,50
DA:114,50
DA:115,0
DA:116,0
DA:118,50
DA:120,50
DA:126,50
DA:129,10
DA:130,0
DA:131,0
DA:132,0
DA:140,0
DA:143,10
DA:144,0
DA:145,0
DA:146,0
DA:147,0
DA:159,0
DA:162,10
DA:163,0
DA:164,0
DA:165,0
DA:166,0
DA:178,0
DA:181,10
DA:182,0
DA:185,10
DA:212,10
DA:234,0
DA:239,50
DA:261,0
LF:60
LH:41
BRDA:59,0,0,10
BRDA:59,0,1,10
BRDA:63,1,0,0
BRDA:63,1,1,10
BRDA:71,2,0,50
BRDA:71,2,1,0
BRDA:72,3,0,50
BRDA:72,3,1,50
BRDA:73,4,0,50
BRDA:73,4,1,50
BRDA:80,5,0,40
BRDA:80,5,1,0
BRDA:87,6,0,0
BRDA:87,6,1,10
BRDA:90,7,0,50
BRDA:90,7,1,50
BRDA:91,8,0,50
BRDA:91,8,1,50
BRDA:93,9,0,50
BRDA:93,9,1,0
BRDA:94,10,0,50
BRDA:94,10,1,0
BRDA:110,11,0,0
BRDA:110,11,1,10
BRDA:113,12,0,50
BRDA:113,12,1,50
BRDA:126,13,0,50
BRDA:126,13,1,50
BRDA:130,14,0,0
BRDA:130,14,1,0
BRDA:130,15,0,0
BRDA:130,15,1,0
BRDA:144,16,0,0
BRDA:144,16,1,0
BRDA:144,17,0,0
BRDA:144,17,1,0
BRDA:152,18,0,0
BRDA:152,18,1,0
BRDA:153,19,0,0
BRDA:153,19,1,0
BRDA:163,20,0,0
BRDA:163,20,1,0
BRDA:163,21,0,0
BRDA:163,21,1,0
BRDA:172,22,0,0
BRDA:172,22,1,0
BRDA:173,23,0,0
BRDA:173,23,1,0
BRDA:181,24,0,0
BRDA:181,24,1,10
BRDA:239,25,0,0
BRDA:239,25,1,50
BRF:52
BRH:23
end_of_record
TN:
SF:src\components\portfolio\PortfolioRadarChart.tsx
FN:10,(anonymous_0)
FN:11,(anonymous_1)
FN:13,(anonymous_2)
FN:14,(anonymous_3)
FNF:4
FNH:4
FNDA:10,(anonymous_0)
FNDA:50,(anonymous_1)
FNDA:150,(anonymous_2)
FNDA:250,(anonymous_3)
DA:10,1
DA:11,10
DA:13,150
DA:14,250
DA:17,50
DA:19,50
DA:27,10
LF:7
LH:7
BRDA:17,0,0,50
BRDA:17,0,1,50
BRDA:17,1,0,50
BRDA:17,1,1,50
BRDA:22,2,0,50
BRDA:22,2,1,0
BRF:6
BRH:5
end_of_record
TN:
SF:src\components\portfolio\SinkingFundModule_Portfolio.tsx
FN:39,(anonymous_0)
FN:85,(anonymous_1)
FN:92,(anonymous_2)
FN:127,(anonymous_3)
FN:129,(anonymous_4)
FN:132,(anonymous_5)
FN:134,(anonymous_6)
FN:136,(anonymous_7)
FN:172,(anonymous_8)
FN:173,(anonymous_9)
FN:178,(anonymous_10)
FN:180,(anonymous_11)
FN:203,(anonymous_12)
FN:204,(anonymous_13)
FN:219,(anonymous_14)
FN:238,(anonymous_15)
FN:240,(anonymous_16)
FN:269,(anonymous_17)
FN:294,(anonymous_18)
FN:300,(anonymous_19)
FN:321,(anonymous_20)
FN:360,(anonymous_21)
FN:386,(anonymous_22)
FN:396,(anonymous_23)
FN:403,(anonymous_24)
FN:428,(anonymous_25)
FN:441,(anonymous_26)
FN:449,(anonymous_27)
FN:458,(anonymous_28)
FN:466,(anonymous_29)
FN:469,(anonymous_30)
FN:480,(anonymous_31)
FN:482,(anonymous_32)
FN:493,(anonymous_33)
FN:508,(anonymous_34)
FN:515,(anonymous_35)
FN:522,(anonymous_36)
FN:529,(anonymous_37)
FN:538,(anonymous_38)
FN:546,(anonymous_39)
FN:554,(anonymous_40)
FN:568,(anonymous_41)
FN:586,(anonymous_42)
FN:594,(anonymous_43)
FN:596,(anonymous_44)
FN:605,(anonymous_45)
FN:644,(anonymous_46)
FN:648,(anonymous_47)
FN:653,(anonymous_48)
FN:668,(anonymous_49)
FN:674,(anonymous_50)
FN:685,(anonymous_51)
FN:715,(anonymous_52)
FN:755,(anonymous_53)
FN:758,(anonymous_54)
FN:761,(anonymous_55)
FN:806,(anonymous_56)
FN:808,(anonymous_57)
FN:854,(anonymous_58)
FN:877,(anonymous_59)
FN:904,(anonymous_60)
FN:935,(anonymous_61)
FN:969,(anonymous_62)
FN:977,(anonymous_63)
FN:983,(anonymous_64)
FN:1018,(anonymous_65)
FN:1027,(anonymous_66)
FN:1037,(anonymous_67)
FN:1045,(anonymous_68)
FN:1052,(anonymous_69)
FN:1065,(anonymous_70)
FN:1109,(anonymous_71)
FN:1124,(anonymous_72)
FN:1124,(anonymous_73)
FN:1141,(anonymous_74)
FN:1148,(anonymous_75)
FN:1158,(anonymous_76)
FN:1158,(anonymous_77)
FN:1164,(anonymous_78)
FN:1164,(anonymous_79)
FN:1191,(anonymous_80)
FN:1195,(anonymous_81)
FN:1269,(anonymous_82)
FN:1289,(anonymous_83)
FN:1290,(anonymous_84)
FNF:85
FNH:4
FNDA:13,(anonymous_0)
FNDA:0,(anonymous_1)
FNDA:4,(anonymous_2)
FNDA:0,(anonymous_3)
FNDA:0,(anonymous_4)
FNDA:5343,(anonymous_5)
FNDA:0,(anonymous_6)
FNDA:0,(anonymous_7)
FNDA:0,(anonymous_8)
FNDA:5343,(anonymous_9)
FNDA:0,(anonymous_10)
FNDA:0,(anonymous_11)
FNDA:0,(anonymous_12)
FNDA:0,(anonymous_13)
FNDA:0,(anonymous_14)
FNDA:0,(anonymous_15)
FNDA:0,(anonymous_16)
FNDA:0,(anonymous_17)
FNDA:0,(anonymous_18)
FNDA:0,(anonymous_19)
FNDA:0,(anonymous_20)
FNDA:0,(anonymous_21)
FNDA:0,(anonymous_22)
FNDA:0,(anonymous_23)
FNDA:0,(anonymous_24)
FNDA:0,(anonymous_25)
FNDA:0,(anonymous_26)
FNDA:0,(anonymous_27)
FNDA:0,(anonymous_28)
FNDA:0,(anonymous_29)
FNDA:0,(anonymous_30)
FNDA:0,(anonymous_31)
FNDA:0,(anonymous_32)
FNDA:0,(anonymous_33)
FNDA:0,(anonymous_34)
FNDA:0,(anonymous_35)
FNDA:0,(anonymous_36)
FNDA:0,(anonymous_37)
FNDA:0,(anonymous_38)
FNDA:0,(anonymous_39)
FNDA:0,(anonymous_40)
FNDA:0,(anonymous_41)
FNDA:0,(anonymous_42)
FNDA:0,(anonymous_43)
FNDA:0,(anonymous_44)
FNDA:0,(anonymous_45)
FNDA:0,(anonymous_46)
FNDA:0,(anonymous_47)
FNDA:0,(anonymous_48)
FNDA:0,(anonymous_49)
FNDA:0,(anonymous_50)
FNDA:0,(anonymous_51)
FNDA:0,(anonymous_52)
FNDA:0,(anonymous_53)
FNDA:0,(anonymous_54)
FNDA:0,(anonymous_55)
FNDA:0,(anonymous_56)
FNDA:0,(anonymous_57)
FNDA:0,(anonymous_58)
FNDA:0,(anonymous_59)
FNDA:0,(anonymous_60)
FNDA:0,(anonymous_61)
FNDA:0,(anonymous_62)
FNDA:0,(anonymous_63)
FNDA:0,(anonymous_64)
FNDA:0,(anonymous_65)
FNDA:0,(anonymous_66)
FNDA:0,(anonymous_67)
FNDA:0,(anonymous_68)
FNDA:0,(anonymous_69)
FNDA:0,(anonymous_70)
FNDA:0,(anonymous_71)
FNDA:0,(anonymous_72)
FNDA:0,(anonymous_73)
FNDA:0,(anonymous_74)
FNDA:0,(anonymous_75)
FNDA:0,(anonymous_76)
FNDA:0,(anonymous_77)
FNDA:0,(anonymous_78)
FNDA:0,(anonymous_79)
FNDA:0,(anonymous_80)
FNDA:0,(anonymous_81)
FNDA:0,(anonymous_82)
FNDA:0,(anonymous_83)
FNDA:0,(anonymous_84)
DA:39,1
DA:61,13
DA:64,13
DA:81,13
DA:82,13
DA:83,13
DA:85,13
DA:87,13
DA:88,13
DA:89,13
DA:90,13
DA:92,13
DA:93,4
DA:94,4
DA:95,4
DA:96,4
DA:98,13
DA:114,13
DA:115,13
DA:116,13
DA:117,13
DA:118,13
DA:127,13
DA:129,13
DA:131,13
DA:132,5343
DA:134,13
DA:135,0
DA:136,0
DA:137,0
DA:138,0
DA:142,0
DA:143,0
DA:144,0
DA:145,0
DA:146,0
DA:147,0
DA:149,0
DA:152,0
DA:153,0
DA:155,0
DA:157,0
DA:158,0
DA:159,0
DA:160,0
DA:161,0
DA:162,0
DA:163,0
DA:164,0
DA:165,0
DA:167,0
DA:170,13
DA:171,13
DA:172,0
DA:173,5343
DA:174,13
DA:175,13
DA:178,13
DA:180,0
DA:181,0
DA:183,0
DA:184,0
DA:186,0
DA:187,0
DA:189,0
DA:190,0
DA:192,0
DA:193,0
DA:194,0
DA:196,0
DA:197,0
DA:198,0
DA:199,0
DA:202,0
DA:203,0
DA:204,0
DA:205,0
DA:216,0
DA:219,0
DA:220,0
DA:221,0
DA:222,0
DA:232,0
DA:234,0
DA:238,0
DA:239,0
DA:240,0
DA:241,0
DA:242,0
DA:245,0
DA:246,0
DA:247,0
DA:249,0
DA:250,0
DA:254,0
DA:255,0
DA:256,0
DA:257,0
DA:258,0
DA:259,0
DA:261,0
DA:262,0
DA:268,0
DA:269,0
DA:270,0
DA:271,0
DA:272,0
DA:273,0
DA:274,0
DA:275,0
DA:276,0
DA:277,0
DA:289,0
DA:290,0
DA:293,0
DA:294,0
DA:300,0
DA:301,0
DA:302,0
DA:303,0
DA:305,0
DA:306,0
DA:307,0
DA:308,0
DA:310,0
DA:311,0
DA:312,0
DA:313,0
DA:314,0
DA:316,0
DA:319,0
DA:320,0
DA:321,0
DA:322,0
DA:323,0
DA:324,0
DA:325,0
DA:327,0
DA:338,0
DA:339,0
DA:341,0
DA:342,0
DA:343,0
DA:345,0
DA:346,0
DA:347,0
DA:349,0
DA:350,0
DA:353,0
DA:354,0
DA:355,0
DA:356,0
DA:357,0
DA:358,0
DA:360,0
DA:361,0
DA:362,0
DA:363,0
DA:364,0
DA:365,0
DA:367,0
DA:370,0
DA:371,0
DA:384,0
DA:385,0
DA:386,0
DA:387,0
DA:389,0
DA:393,0
DA:394,0
DA:395,0
DA:396,0
DA:397,0
DA:398,0
DA:400,0
DA:403,0
DA:406,0
DA:416,13
DA:429,0
DA:430,0
DA:432,0
DA:441,0
DA:449,0
DA:458,0
DA:466,0
DA:470,0
DA:480,0
DA:483,0
DA:493,0
DA:508,0
DA:515,0
DA:522,0
DA:529,0
DA:538,0
DA:546,0
DA:554,0
DA:568,0
DA:587,0
DA:588,0
DA:589,0
DA:590,0
DA:595,0
DA:596,0
DA:598,0
DA:599,0
DA:600,0
DA:602,0
DA:604,0
DA:605,0
DA:606,0
DA:607,0
DA:614,0
DA:620,0
DA:621,0
DA:623,0
DA:624,0
DA:625,0
DA:645,0
DA:646,0
DA:648,0
DA:649,0
DA:653,0
DA:669,0
DA:670,0
DA:671,0
DA:674,0
DA:675,0
DA:677,0
DA:686,0
DA:687,0
DA:716,0
DA:717,0
DA:718,0
DA:730,0
DA:731,0
DA:732,0
DA:756,0
DA:757,0
DA:758,0
DA:760,0
DA:761,0
DA:762,0
DA:763,0
DA:764,0
DA:765,0
DA:766,0
DA:767,0
DA:768,0
DA:769,0
DA:773,0
DA:774,0
DA:789,0
DA:790,0
DA:791,0
DA:792,0
DA:793,0
DA:794,0
DA:806,0
DA:808,0
DA:809,0
DA:810,0
DA:811,0
DA:812,0
DA:814,0
DA:855,0
DA:856,0
DA:863,0
DA:878,0
DA:879,0
DA:886,0
DA:905,0
DA:906,0
DA:914,0
DA:936,0
DA:937,0
DA:945,0
DA:969,0
DA:970,0
DA:978,0
DA:984,0
DA:1018,0
DA:1027,0
DA:1037,0
DA:1045,0
DA:1053,0
DA:1054,0
DA:1055,0
DA:1056,0
DA:1057,0
DA:1059,0
DA:1062,0
DA:1063,0
DA:1065,0
DA:1066,0
DA:1067,0
DA:1068,0
DA:1070,0
DA:1074,0
DA:1075,0
DA:1076,0
DA:1077,0
DA:1080,0
DA:1081,0
DA:1082,0
DA:1084,0
DA:1085,0
DA:1089,0
DA:1090,0
DA:1091,0
DA:1092,0
DA:1093,0
DA:1094,0
DA:1095,0
DA:1102,0
DA:1107,0
DA:1109,0
DA:1110,0
DA:1111,0
DA:1112,0
DA:1113,0
DA:1120,0
DA:1124,0
DA:1126,0
DA:1142,0
DA:1149,0
DA:1158,0
DA:1159,0
DA:1164,0
DA:1165,0
DA:1183,0
DA:1191,0
DA:1196,0
DA:1197,0
DA:1198,0
DA:1199,0
DA:1200,0
DA:1211,0
DA:1213,0
DA:1216,0
DA:1217,0
DA:1218,0
DA:1219,0
DA:1222,0
DA:1223,0
DA:1225,0
DA:1226,0
DA:1227,0
DA:1228,0
DA:1242,0
DA:1243,0
DA:1244,0
DA:1252,0
DA:1254,0
DA:1264,0
DA:1270,0
DA:1271,0
DA:1286,0
DA:1287,0
DA:1289,0
DA:1291,0
DA:1292,0
DA:1293,0
DA:1294,0
DA:1295,0
DA:1308,0
LF:365
LH:34
BRDA:40,0,0,13
BRDA:43,1,0,13
BRDA:44,2,0,13
BRDA:45,3,0,13
BRDA:46,4,0,13
BRDA:47,5,0,13
BRDA:85,6,0,0
BRDA:85,6,1,13
BRDA:85,7,0,13
BRDA:85,7,1,13
BRDA:85,8,0,0
BRDA:85,8,1,13
BRDA:123,9,0,13
BRDA:123,9,1,0
BRDA:127,10,0,13
BRDA:127,10,1,0
BRDA:127,11,0,0
BRDA:127,11,1,0
BRDA:127,12,0,0
BRDA:127,12,1,0
BRDA:135,13,0,0
BRDA:135,13,1,0
BRDA:137,14,0,0
BRDA:137,14,1,0
BRDA:144,15,0,0
BRDA:144,15,1,0
BRDA:144,16,0,0
BRDA:144,16,1,0
BRDA:145,17,0,0
BRDA:145,17,1,0
BRDA:147,18,0,0
BRDA:147,18,1,0
BRDA:152,19,0,0
BRDA:152,19,1,0
BRDA:157,20,0,0
BRDA:157,20,1,0
BRDA:158,21,0,0
BRDA:158,21,1,0
BRDA:160,22,0,0
BRDA:160,22,1,0
BRDA:161,23,0,0
BRDA:161,23,1,0
BRDA:161,24,0,0
BRDA:161,24,1,0
BRDA:161,25,0,0
BRDA:161,25,1,0
BRDA:163,26,0,0
BRDA:163,26,1,0
BRDA:164,27,0,0
BRDA:164,27,1,0
BRDA:171,28,0,0
BRDA:171,28,1,13
BRDA:171,29,0,13
BRDA:171,29,1,13
BRDA:172,30,0,0
BRDA:172,30,1,0
BRDA:173,31,0,13
BRDA:173,31,1,13
BRDA:174,32,0,13
BRDA:174,32,1,0
BRDA:175,33,0,13
BRDA:175,33,1,0
BRDA:181,34,0,0
BRDA:181,34,1,0
BRDA:192,35,0,0
BRDA:192,35,1,0
BRDA:202,36,0,0
BRDA:202,36,1,0
BRDA:202,37,0,0
BRDA:202,37,1,0
BRDA:220,38,0,0
BRDA:220,38,1,0
BRDA:220,39,0,0
BRDA:220,39,1,0
BRDA:238,40,0,0
BRDA:238,40,1,0
BRDA:238,41,0,0
BRDA:238,41,1,0
BRDA:239,42,0,0
BRDA:239,42,1,0
BRDA:245,43,0,0
BRDA:245,43,1,0
BRDA:254,44,0,0
BRDA:254,44,1,0
BRDA:254,45,0,0
BRDA:254,45,1,0
BRDA:255,46,0,0
BRDA:255,46,1,0
BRDA:257,47,0,0
BRDA:257,47,1,0
BRDA:268,48,0,0
BRDA:268,48,1,0
BRDA:271,49,0,0
BRDA:271,49,1,0
BRDA:272,50,0,0
BRDA:272,50,1,0
BRDA:276,51,0,0
BRDA:276,51,1,0
BRDA:301,52,0,0
BRDA:301,52,1,0
BRDA:306,53,0,0
BRDA:306,53,1,0
BRDA:310,54,0,0
BRDA:310,54,1,0
BRDA:312,55,0,0
BRDA:312,55,1,0
BRDA:319,56,0,0
BRDA:319,56,1,0
BRDA:322,57,0,0
BRDA:322,57,1,0
BRDA:324,58,0,0
BRDA:324,58,1,0
BRDA:325,59,0,0
BRDA:325,59,1,0
BRDA:339,60,0,0
BRDA:339,60,1,0
BRDA:342,61,0,0
BRDA:342,61,1,0
BRDA:343,62,0,0
BRDA:343,62,1,0
BRDA:345,63,0,0
BRDA:345,63,1,0
BRDA:346,64,0,0
BRDA:346,64,1,0
BRDA:346,65,0,0
BRDA:346,65,1,0
BRDA:349,66,0,0
BRDA:349,66,1,0
BRDA:349,67,0,0
BRDA:349,67,1,0
BRDA:350,68,0,0
BRDA:350,68,1,0
BRDA:350,69,0,0
BRDA:350,69,1,0
BRDA:353,70,0,0
BRDA:353,70,1,0
BRDA:362,71,0,0
BRDA:362,71,1,0
BRDA:363,72,0,0
BRDA:363,72,1,0
BRDA:364,73,0,0
BRDA:364,73,1,0
BRDA:364,74,0,0
BRDA:364,74,1,0
BRDA:370,75,0,0
BRDA:370,75,1,0
BRDA:373,76,0,0
BRDA:373,76,1,0
BRDA:373,77,0,0
BRDA:373,77,1,0
BRDA:380,78,0,0
BRDA:380,78,1,0
BRDA:381,79,0,0
BRDA:381,79,1,0
BRDA:384,80,0,0
BRDA:384,80,1,0
BRDA:410,81,0,0
BRDA:410,81,1,0
BRDA:429,82,0,0
BRDA:429,82,1,0
BRDA:438,83,0,13
BRDA:438,83,1,0
BRDA:478,84,0,0
BRDA:478,84,1,0
BRDA:487,85,0,0
BRDA:487,85,1,0
BRDA:506,86,0,0
BRDA:506,86,1,0
BRDA:513,87,0,0
BRDA:513,87,1,0
BRDA:520,88,0,0
BRDA:520,88,1,0
BRDA:527,89,0,0
BRDA:527,89,1,0
BRDA:577,90,0,0
BRDA:577,90,1,0
BRDA:583,91,0,0
BRDA:583,91,1,0
BRDA:595,92,0,0
BRDA:595,92,1,0
BRDA:598,93,0,0
BRDA:598,93,1,0
BRDA:598,94,0,0
BRDA:598,94,1,0
BRDA:598,94,2,0
BRDA:604,95,0,0
BRDA:604,95,1,0
BRDA:606,96,0,0
BRDA:606,96,1,0
BRDA:610,97,0,0
BRDA:610,97,1,0
BRDA:618,98,0,0
BRDA:618,98,1,0
BRDA:628,99,0,0
BRDA:628,99,1,0
BRDA:630,100,0,0
BRDA:630,100,1,0
BRDA:636,101,0,13
BRDA:636,101,1,0
BRDA:650,102,0,0
BRDA:650,102,1,0
BRDA:653,103,0,0
BRDA:653,103,1,0
BRDA:658,104,0,0
BRDA:658,104,1,0
BRDA:662,105,0,0
BRDA:662,105,1,0
BRDA:662,106,0,0
BRDA:662,106,1,0
BRDA:662,107,0,0
BRDA:662,107,1,0
BRDA:662,108,0,0
BRDA:662,108,1,0
BRDA:662,109,0,0
BRDA:662,109,1,0
BRDA:664,110,0,0
BRDA:664,110,1,0
BRDA:664,110,2,0
BRDA:670,111,0,0
BRDA:670,111,1,0
BRDA:671,112,0,0
BRDA:671,112,1,0
BRDA:674,113,0,0
BRDA:674,113,1,0
BRDA:675,114,0,0
BRDA:675,114,1,0
BRDA:675,114,2,0
BRDA:675,114,3,0
BRDA:675,114,4,0
BRDA:675,114,5,0
BRDA:680,115,0,0
BRDA:680,115,1,0
BRDA:683,116,0,0
BRDA:683,116,1,0
BRDA:686,117,0,0
BRDA:686,117,1,0
BRDA:699,118,0,0
BRDA:699,118,1,0
BRDA:704,119,0,0
BRDA:704,119,1,0
BRDA:704,119,2,0
BRDA:709,120,0,0
BRDA:709,120,1,0
BRDA:717,121,0,0
BRDA:717,121,1,0
BRDA:720,122,0,0
BRDA:720,122,1,0
BRDA:725,123,0,0
BRDA:725,123,1,0
BRDA:678,124,0,0
BRDA:678,124,1,0
BRDA:746,125,0,0
BRDA:746,125,1,0
BRDA:758,126,0,0
BRDA:758,126,1,0
BRDA:760,127,0,0
BRDA:760,127,1,0
BRDA:762,128,0,0
BRDA:762,128,1,0
BRDA:764,129,0,0
BRDA:764,129,1,0
BRDA:768,130,0,0
BRDA:768,130,1,0
BRDA:773,131,0,0
BRDA:773,131,1,0
BRDA:773,132,0,0
BRDA:773,132,1,0
BRDA:779,133,0,0
BRDA:779,133,1,0
BRDA:779,133,2,0
BRDA:781,134,0,0
BRDA:781,134,1,0
BRDA:790,135,0,0
BRDA:790,135,1,0
BRDA:790,136,0,0
BRDA:790,136,1,0
BRDA:793,137,0,0
BRDA:793,137,1,0
BRDA:799,138,0,0
BRDA:799,138,1,0
BRDA:801,139,0,0
BRDA:801,139,1,0
BRDA:811,140,0,0
BRDA:811,140,1,0
BRDA:820,141,0,0
BRDA:820,141,1,0
BRDA:822,142,0,0
BRDA:822,142,1,0
BRDA:822,143,0,0
BRDA:822,143,1,0
BRDA:827,144,0,0
BRDA:827,144,1,0
BRDA:827,144,2,0
BRDA:833,145,0,0
BRDA:833,145,1,0
BRDA:833,146,0,0
BRDA:833,146,1,0
BRDA:833,147,0,0
BRDA:833,147,1,0
BRDA:836,148,0,0
BRDA:836,148,1,0
BRDA:853,149,0,0
BRDA:853,149,1,0
BRDA:857,150,0,0
BRDA:857,150,1,0
BRDA:859,151,0,0
BRDA:859,151,1,0
BRDA:876,152,0,0
BRDA:876,152,1,0
BRDA:880,153,0,0
BRDA:880,153,1,0
BRDA:882,154,0,0
BRDA:882,154,1,0
BRDA:907,155,0,0
BRDA:907,155,1,0
BRDA:909,156,0,0
BRDA:909,156,1,0
BRDA:938,157,0,0
BRDA:938,157,1,0
BRDA:940,158,0,0
BRDA:940,158,1,0
BRDA:953,159,0,0
BRDA:953,159,1,0
BRDA:953,159,2,0
BRDA:973,160,0,0
BRDA:973,160,1,0
BRDA:973,161,0,0
BRDA:973,161,1,0
BRDA:992,162,0,0
BRDA:992,162,1,0
BRDA:997,163,0,0
BRDA:997,163,1,0
BRDA:997,164,0,0
BRDA:997,164,1,0
BRDA:1003,165,0,0
BRDA:1003,165,1,0
BRDA:1003,166,0,0
BRDA:1003,166,1,0
BRDA:1006,167,0,0
BRDA:1006,167,1,0
BRDA:1006,167,2,0
BRDA:1032,168,0,0
BRDA:1032,168,1,0
BRDA:1043,169,0,0
BRDA:1043,169,1,0
BRDA:1053,170,0,0
BRDA:1053,170,1,0
BRDA:1054,171,0,0
BRDA:1054,171,1,0
BRDA:1055,172,0,0
BRDA:1055,172,1,0
BRDA:1055,173,0,0
BRDA:1055,173,1,0
BRDA:1059,174,0,0
BRDA:1059,174,1,0
BRDA:1067,175,0,0
BRDA:1067,175,1,0
BRDA:1080,176,0,0
BRDA:1080,176,1,0
BRDA:1089,177,0,0
BRDA:1089,177,1,0
BRDA:1089,178,0,0
BRDA:1089,178,1,0
BRDA:1091,179,0,0
BRDA:1091,179,1,0
BRDA:1096,180,0,0
BRDA:1096,180,1,0
BRDA:1107,181,0,0
BRDA:1107,181,1,0
BRDA:1107,182,0,0
BRDA:1107,182,1,0
BRDA:1111,183,0,0
BRDA:1111,183,1,0
BRDA:1114,184,0,0
BRDA:1114,184,1,0
BRDA:1124,185,0,0
BRDA:1124,185,1,0
BRDA:1134,186,0,0
BRDA:1134,186,1,0
BRDA:1155,187,0,0
BRDA:1155,187,1,0
BRDA:1172,188,0,0
BRDA:1172,188,1,0
BRDA:1172,188,2,0
BRDA:1188,189,0,0
BRDA:1188,189,1,0
BRDA:1196,190,0,0
BRDA:1196,190,1,0
BRDA:1197,191,0,0
BRDA:1197,191,1,0
BRDA:1199,192,0,0
BRDA:1199,192,1,0
BRDA:1201,193,0,0
BRDA:1201,193,1,0
BRDA:1206,194,0,0
BRDA:1206,194,1,0
BRDA:1206,194,2,0
BRDA:1216,195,0,0
BRDA:1216,195,1,0
BRDA:1217,196,0,0
BRDA:1217,196,1,0
BRDA:1217,197,0,0
BRDA:1217,197,1,0
BRDA:1225,198,0,0
BRDA:1225,198,1,0
BRDA:1226,199,0,0
BRDA:1226,199,1,0
BRDA:1230,200,0,0
BRDA:1230,200,1,0
BRDA:1235,201,0,0
BRDA:1235,201,1,0
BRDA:1235,201,2,0
BRDA:1243,202,0,0
BRDA:1243,202,1,0
BRDA:1249,203,0,0
BRDA:1249,203,1,0
BRDA:1249,204,0,0
BRDA:1249,204,1,0
BRDA:1266,205,0,0
BRDA:1266,205,1,0
BRDA:1266,206,0,0
BRDA:1266,206,1,0
BRDA:1273,207,0,0
BRDA:1273,207,1,0
BRDA:1274,208,0,0
BRDA:1274,208,1,0
BRDA:1279,209,0,0
BRDA:1279,209,1,0
BRDA:1280,210,0,0
BRDA:1280,210,1,0
BRDA:1281,211,0,0
BRDA:1281,211,1,0
BRDA:1284,212,0,0
BRDA:1284,212,1,0
BRDA:1289,213,0,0
BRDA:1289,213,1,0
BRDA:1300,214,0,0
BRDA:1300,214,1,0
BRDA:1301,215,0,0
BRDA:1301,215,1,0
BRDA:1301,216,0,0
BRDA:1301,216,1,0
BRDA:1310,217,0,0
BRDA:1310,217,1,0
BRDA:1311,218,0,0
BRDA:1311,218,1,0
BRDA:1312,219,0,0
BRDA:1312,219,1,0
BRDA:1313,220,0,0
BRDA:1313,220,1,0
BRF:450
BRH:21
end_of_record
TN:
SF:src\components\portfolio\fund-cards\LifestyleFundCard.tsx
FN:7,(anonymous_0)
FN:90,(anonymous_1)
FN:122,(anonymous_2)
FN:137,(anonymous_3)
FNF:4
FNH:0
FNDA:0,(anonymous_0)
FNDA:0,(anonymous_1)
FNDA:0,(anonymous_2)
FNDA:0,(anonymous_3)
DA:7,2
DA:14,0
DA:91,0
DA:92,0
DA:93,0
DA:94,0
DA:95,0
DA:96,0
DA:97,0
DA:98,0
DA:104,0
DA:105,0
DA:107,0
DA:122,0
DA:137,0
LF:15
LH:1
BRDA:22,0,0,0
BRDA:22,0,1,0
BRDA:28,1,0,0
BRDA:28,1,1,0
BRDA:49,2,0,0
BRDA:49,2,1,0
BRDA:53,3,0,0
BRDA:53,3,1,0
BRDA:57,4,0,0
BRDA:57,4,1,0
BRDA:57,4,2,0
BRDA:58,5,0,0
BRDA:58,5,1,0
BRDA:58,5,2,0
BRDA:76,6,0,0
BRDA:76,6,1,0
BRDA:76,6,2,0
BRDA:84,7,0,0
BRDA:84,7,1,0
BRDA:92,8,0,0
BRDA:92,8,1,0
BRDA:92,9,0,0
BRDA:92,9,1,0
BRDA:104,10,0,0
BRDA:104,10,1,0
BRDA:104,11,0,0
BRDA:104,11,1,0
BRDA:120,12,0,0
BRDA:120,12,1,0
BRDA:120,12,2,0
BRDA:137,13,0,0
BRDA:137,13,1,0
BRDA:140,14,0,0
BRDA:140,14,1,0
BRDA:143,15,0,0
BRDA:143,15,1,0
BRDA:146,16,0,0
BRDA:146,16,1,0
BRF:38
BRH:0
end_of_record
TN:
SF:src\components\portfolio\fund-cards\PortfolioFundCard.tsx
FN:7,(anonymous_0)
FN:91,(anonymous_1)
FN:129,(anonymous_2)
FNF:3
FNH:0
FNDA:0,(anonymous_0)
FNDA:0,(anonymous_1)
FNDA:0,(anonymous_2)
DA:7,2
DA:14,0
DA:92,0
DA:93,0
DA:94,0
DA:95,0
DA:96,0
DA:97,0
DA:98,0
DA:99,0
DA:105,0
DA:106,0
DA:108,0
DA:129,0
LF:14
LH:1
BRDA:22,0,0,0
BRDA:22,0,1,0
BRDA:50,1,0,0
BRDA:50,1,1,0
BRDA:54,2,0,0
BRDA:54,2,1,0
BRDA:58,3,0,0
BRDA:58,3,1,0
BRDA:58,3,2,0
BRDA:59,4,0,0
BRDA:59,4,1,0
BRDA:59,4,2,0
BRDA:77,5,0,0
BRDA:77,5,1,0
BRDA:85,6,0,0
BRDA:85,6,1,0
BRDA:93,7,0,0
BRDA:93,7,1,0
BRDA:93,8,0,0
BRDA:93,8,1,0
BRDA:105,9,0,0
BRDA:105,9,1,0
BRDA:105,10,0,0
BRDA:105,10,1,0
BRDA:129,11,0,0
BRDA:129,11,1,0
BRDA:132,12,0,0
BRDA:132,12,1,0
BRDA:136,13,0,0
BRDA:136,13,1,0
BRDA:142,14,0,0
BRDA:142,14,1,0
BRF:32
BRH:0
end_of_record
TN:
SF:src\components\portfolio\fund-cards\ReservesFundCard.tsx
FN:7,(anonymous_0)
FN:85,(anonymous_1)
FN:126,(anonymous_2)
FNF:3
FNH:0
FNDA:0,(anonymous_0)
FNDA:0,(anonymous_1)
FNDA:0,(anonymous_2)
DA:7,2
DA:14,0
DA:86,0
DA:87,0
DA:88,0
DA:89,0
DA:90,0
DA:91,0
DA:92,0
DA:93,0
DA:99,0
DA:100,0
DA:102,0
DA:126,0
LF:14
LH:1
BRDA:24,0,0,0
BRDA:24,0,1,0
BRDA:47,1,0,0
BRDA:47,1,1,0
BRDA:51,2,0,0
BRDA:51,2,1,0
BRDA:55,3,0,0
BRDA:55,3,1,0
BRDA:55,3,2,0
BRDA:56,4,0,0
BRDA:56,4,1,0
BRDA:56,4,2,0
BRDA:71,5,0,0
BRDA:71,5,1,0
BRDA:79,6,0,0
BRDA:79,6,1,0
BRDA:87,7,0,0
BRDA:87,7,1,0
BRDA:87,8,0,0
BRDA:87,8,1,0
BRDA:99,9,0,0
BRDA:99,9,1,0
BRDA:99,10,0,0
BRDA:99,10,1,0
BRDA:126,11,0,0
BRDA:126,11,1,0
BRDA:129,12,0,0
BRDA:129,12,1,0
BRDA:132,13,0,0
BRDA:132,13,1,0
BRDA:138,14,0,0
BRDA:138,14,1,0
BRF:32
BRH:0
end_of_record
TN:
SF:src\components\portfolio\fund-cards\SavingsFundCard.tsx
FN:7,(anonymous_0)
FN:93,(anonymous_1)
FN:140,(anonymous_2)
FNF:3
FNH:0
FNDA:0,(anonymous_0)
FNDA:0,(anonymous_1)
FNDA:0,(anonymous_2)
DA:7,2
DA:14,0
DA:94,0
DA:95,0
DA:96,0
DA:97,0
DA:98,0
DA:99,0
DA:100,0
DA:101,0
DA:107,0
DA:108,0
DA:110,0
DA:140,0
LF:14
LH:1
BRDA:22,0,0,0
BRDA:22,0,1,0
BRDA:50,1,0,0
BRDA:50,1,1,0
BRDA:54,2,0,0
BRDA:54,2,1,0
BRDA:58,3,0,0
BRDA:58,3,1,0
BRDA:58,3,2,0
BRDA:59,4,0,0
BRDA:59,4,1,0
BRDA:59,4,2,0
BRDA:79,5,0,0
BRDA:79,5,1,0
BRDA:87,6,0,0
BRDA:87,6,1,0
BRDA:95,7,0,0
BRDA:95,7,1,0
BRDA:95,8,0,0
BRDA:95,8,1,0
BRDA:107,9,0,0
BRDA:107,9,1,0
BRDA:107,10,0,0
BRDA:107,10,1,0
BRDA:140,11,0,0
BRDA:140,11,1,0
BRDA:143,12,0,0
BRDA:143,12,1,0
BRDA:146,13,0,0
BRDA:146,13,1,0
BRDA:152,14,0,0
BRDA:152,14,1,0
BRF:32
BRH:0
end_of_record
TN:
SF:src\components\ui\Button.tsx
FN:8,(anonymous_0)
FNF:1
FNH:1
FNDA:70,(anonymous_0)
DA:8,3
DA:16,70
DA:18,70
DA:25,70
DA:31,70
LF:5
LH:5
BRDA:10,0,0,70
BRDA:11,1,0,70
BRDA:12,2,0,70
BRDA:13,3,0,70
BRF:4
BRH:4
end_of_record
TN:
SF:src\components\ui\Card.tsx
FN:7,(anonymous_0)
FN:20,(anonymous_1)
FN:24,(anonymous_2)
FN:28,(anonymous_3)
FN:32,(anonymous_4)
FNF:5
FNH:5
FNDA:164,(anonymous_0)
FNDA:92,(anonymous_1)
FNDA:92,(anonymous_2)
FNDA:70,(anonymous_3)
FNDA:164,(anonymous_4)
DA:7,2
DA:8,164
DA:20,2
DA:21,92
DA:24,2
DA:25,92
DA:28,2
DA:29,70
DA:32,2
DA:33,164
LF:10
LH:10
BRDA:7,0,0,164
BRDA:7,1,0,164
BRDA:11,2,0,0
BRDA:11,2,1,164
BRDA:20,3,0,92
BRDA:24,4,0,92
BRDA:28,5,0,70
BRDA:32,6,0,164
BRF:8
BRH:7
end_of_record
TN:
SF:src\components\ui\EmptyState.tsx
FN:10,(anonymous_0)
FNF:1
FNH:1
FNDA:10,(anonymous_0)
DA:10,2
DA:15,10
LF:2
LH:2
BRDA:11,0,0,10
BRDA:12,1,0,10
BRDA:13,2,0,10
BRF:3
BRH:3
end_of_record
TN:
SF:src\components\ui\FundingSourceSelect.tsx
FN:17,(anonymous_0)
FN:28,(anonymous_1)
FN:29,(anonymous_2)
FN:39,(anonymous_3)
FN:41,(anonymous_4)
FN:56,(anonymous_5)
FNF:6
FNH:4
FNDA:8,(anonymous_0)
FNDA:8,(anonymous_1)
FNDA:0,(anonymous_2)
FNDA:8,(anonymous_3)
FNDA:4,(anonymous_4)
FNDA:0,(anonymous_5)
DA:17,1
DA:26,8
DA:28,8
DA:29,8
DA:33,8
DA:34,4
DA:36,4
DA:39,8
DA:40,8
DA:41,4
DA:42,4
DA:43,1
DA:48,8
DA:56,0
LF:14
LH:13
BRDA:20,0,0,8
BRDA:21,1,0,8
BRDA:23,2,0,8
BRDA:24,3,0,8
BRDA:33,4,0,4
BRDA:33,4,1,4
BRDA:40,5,0,4
BRDA:40,5,1,4
BRDA:42,6,0,1
BRDA:42,6,1,3
BRF:10
BRH:10
end_of_record
TN:
SF:src\components\ui\HelpTooltip.tsx
FN:15,(anonymous_0)
FN:36,(anonymous_1)
FN:37,(anonymous_2)
FN:38,(anonymous_3)
FN:39,(anonymous_4)
FNF:5
FNH:1
FNDA:139,(anonymous_0)
FNDA:0,(anonymous_1)
FNDA:0,(anonymous_2)
FNDA:0,(anonymous_3)
FNDA:0,(anonymous_4)
DA:15,2
DA:16,139
DA:18,139
DA:29,139
DA:33,139
DA:36,0
DA:37,0
DA:38,0
DA:39,0
LF:9
LH:5
BRDA:15,0,0,139
BRDA:15,1,0,139
BRDA:15,2,0,139
BRDA:29,3,0,0
BRDA:29,3,1,139
BRDA:42,4,0,139
BRDA:42,4,1,0
BRF:7
BRH:5
end_of_record
TN:
SF:src\components\ui\Input.tsx
FN:9,(anonymous_0)
FNF:1
FNH:1
FNDA:36,(anonymous_0)
DA:9,2
DA:17,36
LF:2
LH:2
BRDA:13,0,0,36
BRDA:19,1,0,36
BRDA:19,1,1,36
BRDA:28,2,0,0
BRDA:28,2,1,36
BRDA:29,3,0,0
BRDA:29,3,1,36
BRDA:32,4,0,36
BRDA:32,4,1,0
BRDA:38,5,0,36
BRDA:38,5,1,0
BRF:11
BRH:7
end_of_record
TN:
SF:src\components\ui\ObservationControls.tsx
FN:8,(anonymous_0)
FN:32,(anonymous_1)
FN:34,(anonymous_2)
FN:46,(anonymous_3)
FN:68,(anonymous_4)
FN:74,(anonymous_5)
FN:87,(anonymous_6)
FN:90,(anonymous_7)
FN:98,(anonymous_8)
FN:109,(anonymous_9)
FN:112,(anonymous_10)
FN:114,(anonymous_11)
FN:116,(anonymous_12)
FN:142,(anonymous_13)
FNF:14
FNH:6
FNDA:19,(anonymous_0)
FNDA:19,(anonymous_1)
FNDA:63,(anonymous_2)
FNDA:7809,(anonymous_3)
FNDA:0,(anonymous_4)
FNDA:2508,(anonymous_5)
FNDA:0,(anonymous_6)
FNDA:7809,(anonymous_7)
FNDA:0,(anonymous_8)
FNDA:0,(anonymous_9)
FNDA:0,(anonymous_10)
FNDA:0,(anonymous_11)
FNDA:0,(anonymous_12)
FNDA:0,(anonymous_13)
DA:8,2
DA:9,19
DA:10,19
DA:11,19
DA:14,19
DA:32,19
DA:33,19
DA:34,63
DA:35,9
DA:36,0
DA:41,19
DA:42,19
DA:43,19
DA:44,19
DA:46,7809
DA:47,19
DA:50,19
DA:51,19
DA:52,209
DA:53,2508
DA:54,2508
DA:55,2508
DA:59,19
DA:61,19
DA:69,0
DA:70,0
DA:75,2508
DA:87,0
DA:91,7809
DA:98,0
DA:110,0
DA:111,0
DA:112,0
DA:114,0
DA:115,0
DA:116,0
DA:118,0
DA:119,0
DA:120,0
DA:123,0
DA:130,0
DA:142,0
LF:42
LH:25
BRDA:33,0,0,9
BRDA:33,0,1,10
BRDA:35,1,0,0
BRDA:35,1,1,9
BRDA:46,2,0,19
BRDA:46,2,1,19
BRDA:47,3,0,19
BRDA:47,3,1,10
BRDA:47,3,2,0
BRDA:53,4,0,1881
BRDA:53,4,1,627
BRDA:92,5,0,5814
BRDA:92,5,1,1995
BRDA:96,6,0,19
BRDA:96,6,1,9
BRDA:119,7,0,0
BRDA:119,7,1,0
BRDA:119,8,0,0
BRDA:119,8,1,0
BRDA:119,8,2,0
BRDA:120,9,0,0
BRDA:120,9,1,0
BRDA:128,10,0,0
BRDA:128,10,1,0
BRF:24
BRH:13
end_of_record
TN:
SF:src\components\ui\Select.tsx
FN:14,(anonymous_0)
FN:36,(anonymous_1)
FNF:2
FNH:2
FNDA:28,(anonymous_0)
FNDA:180,(anonymous_1)
DA:14,1
DA:22,28
DA:37,180
LF:3
LH:3
BRDA:18,0,0,28
BRDA:24,1,0,28
BRDA:24,1,1,16
BRDA:32,2,0,0
BRDA:32,2,1,28
BRDA:42,3,0,28
BRDA:42,3,1,0
BRF:7
BRH:5
end_of_record
TN:
SF:src\components\ui\SmartAllocationAdvisorModal.tsx
FN:43,(anonymous_0)
FN:52,(anonymous_1)
FN:56,(anonymous_2)
FN:67,(anonymous_3)
FN:74,(anonymous_4)
FN:85,(anonymous_5)
FN:95,(anonymous_6)
FN:100,(anonymous_7)
FN:115,(anonymous_8)
FN:142,(anonymous_9)
FN:152,(anonymous_10)
FN:226,(anonymous_11)
FN:236,(anonymous_12)
FN:258,(anonymous_13)
FN:377,(anonymous_14)
FNF:15
FNH:4
FNDA:24,(anonymous_0)
FNDA:7,(anonymous_1)
FNDA:7,(anonymous_2)
FNDA:7,(anonymous_3)
FNDA:0,(anonymous_4)
FNDA:0,(anonymous_5)
FNDA:0,(anonymous_6)
FNDA:0,(anonymous_7)
FNDA:0,(anonymous_8)
FNDA:0,(anonymous_9)
FNDA:0,(anonymous_10)
FNDA:0,(anonymous_11)
FNDA:0,(anonymous_12)
FNDA:0,(anonymous_13)
FNDA:0,(anonymous_14)
DA:43,2
DA:44,24
DA:45,24
DA:46,24
DA:47,24
DA:48,24
DA:49,24
DA:50,24
DA:52,24
DA:53,7
DA:56,24
DA:57,7
DA:58,7
DA:59,7
DA:60,7
DA:61,7
DA:62,7
DA:67,24
DA:68,7
DA:69,7
DA:72,24
DA:74,0
DA:75,0
DA:76,0
DA:77,0
DA:79,0
DA:81,0
DA:82,0
DA:85,0
DA:86,0
DA:87,0
DA:88,0
DA:90,0
DA:91,0
DA:92,0
DA:93,0
DA:95,0
DA:96,0
DA:97,0
DA:100,0
DA:101,0
DA:102,0
DA:103,0
DA:106,0
DA:107,0
DA:110,0
DA:112,0
DA:115,0
DA:125,0
DA:126,0
DA:128,0
DA:129,0
DA:131,0
DA:135,0
DA:136,0
DA:142,0
DA:143,0
DA:144,0
DA:145,0
DA:146,0
DA:147,0
DA:148,0
DA:152,0
DA:153,0
DA:154,0
DA:155,0
DA:156,0
DA:157,0
DA:158,0
DA:162,0
DA:226,0
DA:236,0
DA:258,0
DA:378,0
DA:379,0
DA:381,0
LF:76
LH:21
BRDA:53,0,0,7
BRDA:53,0,1,7
BRDA:57,1,0,7
BRDA:57,1,1,0
BRDA:72,2,0,24
BRDA:72,2,1,0
BRDA:76,3,0,0
BRDA:76,3,1,0
BRDA:76,4,0,0
BRDA:76,4,1,0
BRDA:76,4,2,0
BRDA:81,5,0,0
BRDA:81,5,1,0
BRDA:88,6,0,0
BRDA:88,6,1,0
BRDA:96,7,0,0
BRDA:96,7,1,0
BRDA:101,8,0,0
BRDA:101,8,1,0
BRDA:102,9,0,0
BRDA:102,9,1,0
BRDA:102,10,0,0
BRDA:102,10,1,0
BRDA:106,11,0,0
BRDA:106,11,1,0
BRDA:110,12,0,0
BRDA:110,12,1,0
BRDA:115,13,0,0
BRDA:115,13,1,0
BRDA:143,14,0,0
BRDA:143,14,1,0
BRDA:143,14,2,0
BRDA:143,14,3,0
BRDA:143,14,4,0
BRDA:153,15,0,0
BRDA:153,15,1,0
BRDA:153,15,2,0
BRDA:153,15,3,0
BRDA:153,15,4,0
BRDA:176,16,0,0
BRDA:176,16,1,0
BRDA:200,17,0,24
BRDA:200,17,1,0
BRDA:208,18,0,0
BRDA:208,18,1,0
BRDA:228,19,0,0
BRDA:228,19,1,0
BRDA:238,20,0,0
BRDA:238,20,1,0
BRDA:252,21,0,0
BRDA:252,21,1,0
BRDA:267,22,0,0
BRDA:267,22,1,0
BRDA:267,23,0,0
BRDA:267,23,1,0
BRDA:274,24,0,24
BRDA:274,24,1,0
BRDA:282,25,0,24
BRDA:282,25,1,0
BRDA:282,25,2,0
BRDA:282,25,3,0
BRDA:317,26,0,0
BRDA:317,26,1,0
BRDA:372,27,0,0
BRDA:372,27,1,0
BRDA:383,28,0,0
BRDA:383,28,1,0
BRDA:383,29,0,0
BRDA:383,29,1,0
BRDA:386,30,0,0
BRDA:386,30,1,0
BRDA:386,31,0,0
BRDA:386,31,1,0
BRDA:389,32,0,0
BRDA:389,32,1,0
BRDA:389,33,0,0
BRDA:389,33,1,0
BRDA:391,34,0,0
BRDA:391,34,1,0
BRDA:391,35,0,0
BRDA:391,35,1,0
BRDA:397,36,0,0
BRDA:397,36,1,0
BRDA:398,37,0,0
BRDA:398,37,1,0
BRDA:401,38,0,0
BRDA:401,38,1,0
BRDA:401,39,0,0
BRDA:401,39,1,0
BRDA:406,40,0,0
BRDA:406,40,1,0
BRDA:407,41,0,0
BRDA:407,41,1,0
BRDA:422,42,0,24
BRDA:422,42,1,0
BRDA:422,42,2,0
BRDA:428,43,0,0
BRDA:428,43,1,0
BRDA:429,44,0,0
BRDA:429,44,1,0
BRDA:434,45,0,0
BRDA:434,45,1,0
BRDA:450,46,0,0
BRDA:450,46,1,0
BRDA:464,47,0,0
BRDA:464,47,1,0
BRF:106
BRH:8
end_of_record
TN:
SF:src\components\ui\WarningBox.tsx
FN:10,(anonymous_0)
FNF:1
FNH:0
FNDA:0,(anonymous_0)
DA:10,2
DA:15,0
DA:22,0
DA:29,0
LF:4
LH:1
BRDA:11,0,0,0
BRDA:13,1,0,0
BRF:2
BRH:0
end_of_record
TN:
SF:src\constants\banks.ts
FN:60,(anonymous_0)
FNF:1
FNH:1
FNDA:416,(anonymous_0)
DA:1,2
DA:60,416
LF:2
LH:2
BRF:0
BRH:0
end_of_record
TN:
SF:src\constants\fundingSources.ts
FNF:0
FNH:0
DA:10,2
DA:43,2
LF:2
LH:2
BRF:0
BRH:0
end_of_record
TN:
SF:src\context\AppContext.tsx
FN:7,(anonymous_0)
FN:12,(anonymous_1)
FNF:2
FNH:0
FNDA:0,(anonymous_0)
FNDA:0,(anonymous_1)
DA:5,1
DA:7,1
DA:8,0
DA:9,0
DA:12,1
DA:13,0
DA:14,0
DA:15,0
DA:17,0
LF:9
LH:3
BRDA:14,0,0,0
BRDA:14,0,1,0
BRF:2
BRH:0
end_of_record
TN:
SF:src\data\defaultInputs.ts
FN:432,(anonymous_0)
FNF:1
FNH:1
FNDA:40,(anonymous_0)
DA:5,8
DA:18,8
DA:26,8
DA:71,8
DA:115,8
DA:206,8
DA:217,8
DA:225,8
DA:264,8
DA:317,8
DA:377,8
DA:390,8
DA:425,8
DA:426,8
DA:427,8
DA:428,8
DA:429,8
DA:430,8
DA:431,8
DA:432,40
LF:20
LH:20
BRF:0
BRH:0
end_of_record
TN:
SF:src\engines\SmartAllocationAdvisor.ts
FN:27,(anonymous_0)
FN:32,(anonymous_1)
FN:40,(anonymous_2)
FN:92,(anonymous_3)
FN:106,(anonymous_4)
FN:110,(anonymous_5)
FN:122,(anonymous_6)
FN:142,(anonymous_7)
FN:169,(anonymous_8)
FN:175,(anonymous_9)
FN:222,(anonymous_10)
FN:230,(anonymous_11)
FN:297,(anonymous_12)
FN:329,(anonymous_13)
FN:354,(anonymous_14)
FNF:15
FNH:13
FNDA:9,(anonymous_0)
FNDA:47,(anonymous_1)
FNDA:7,(anonymous_2)
FNDA:4,(anonymous_3)
FNDA:3,(anonymous_4)
FNDA:0,(anonymous_5)
FNDA:5,(anonymous_6)
FNDA:0,(anonymous_7)
FNDA:3,(anonymous_8)
FNDA:3,(anonymous_9)
FNDA:3,(anonymous_10)
FNDA:5,(anonymous_11)
FNDA:2,(anonymous_12)
FNDA:3,(anonymous_13)
FNDA:2,(anonymous_14)
DA:27,4
DA:28,9
DA:29,9
DA:32,4
DA:33,47
DA:40,4
DA:41,7
DA:42,7
DA:44,7
DA:46,6
DA:47,6
DA:48,6
DA:50,6
DA:51,5
DA:52,5
DA:53,5
DA:54,5
DA:55,5
DA:67,6
DA:68,5
DA:69,5
DA:70,5
DA:71,5
DA:72,5
DA:73,5
DA:85,6
DA:92,4
DA:93,4
DA:94,4
DA:96,4
DA:97,3
DA:98,3
DA:101,3
DA:104,3
DA:105,3
DA:106,3
DA:107,3
DA:109,3
DA:110,3
DA:111,3
DA:114,3
DA:115,6
DA:116,6
DA:117,6
DA:119,6
DA:120,6
DA:122,5
DA:123,3
DA:125,3
DA:126,3
DA:128,3
DA:129,3
DA:142,3
DA:144,3
DA:145,3
DA:146,3
DA:147,3
DA:149,3
DA:151,3
DA:162,3
DA:169,4
DA:170,3
DA:171,3
DA:173,3
DA:175,3
DA:177,3
DA:178,3
DA:180,3
DA:181,3
DA:183,3
DA:184,3
DA:185,3
DA:187,3
DA:189,3
DA:190,3
DA:192,3
DA:193,3
DA:195,3
DA:196,3
DA:197,3
DA:199,3
DA:200,3
DA:201,3
DA:203,3
DA:216,3
DA:222,4
DA:223,3
DA:224,3
DA:226,3
DA:228,3
DA:229,3
DA:230,3
DA:231,5
DA:234,3
DA:235,0
DA:238,3
DA:239,3
DA:240,3
DA:241,1
DA:244,3
DA:245,3
DA:246,3
DA:248,3
DA:249,2
DA:250,2
DA:251,2
DA:252,1
DA:253,0
DA:254,0
DA:255,0
DA:257,1
DA:258,1
DA:259,1
DA:262,3
DA:263,3
DA:265,3
DA:266,3
DA:268,3
DA:279,3
DA:280,3
DA:281,3
DA:292,3
DA:294,3
DA:297,4
DA:298,2
DA:299,2
DA:301,2
DA:303,2
DA:304,6
DA:305,4
DA:306,4
DA:307,4
DA:310,2
DA:329,4
DA:330,3
DA:333,3
DA:335,3
DA:336,3
DA:339,3
DA:340,1
DA:354,2
DA:355,2
DA:358,3
DA:360,3
DA:361,1
DA:374,1
DA:375,1
DA:377,1
LF:148
LH:144
BRDA:44,0,0,1
BRDA:44,0,1,6
BRDA:50,1,0,5
BRDA:50,1,1,1
BRDA:53,2,0,5
BRDA:53,2,1,0
BRDA:67,3,0,5
BRDA:67,3,1,1
BRDA:67,4,0,6
BRDA:67,4,1,6
BRDA:67,5,0,5
BRDA:67,5,1,1
BRDA:71,6,0,5
BRDA:71,6,1,0
BRDA:96,7,0,1
BRDA:96,7,1,3
BRDA:98,8,0,0
BRDA:98,8,1,3
BRDA:98,9,0,3
BRDA:98,9,1,3
BRDA:98,9,2,3
BRDA:109,10,0,3
BRDA:109,10,1,0
BRDA:115,11,0,6
BRDA:115,11,1,0
BRDA:116,12,0,6
BRDA:116,12,1,0
BRDA:117,13,0,0
BRDA:117,13,1,6
BRDA:120,14,0,3
BRDA:120,14,1,3
BRDA:122,15,0,5
BRDA:122,15,1,2
BRDA:123,16,0,3
BRDA:123,16,1,0
BRDA:128,17,0,3
BRDA:128,17,1,0
BRDA:145,18,0,0
BRDA:145,18,1,3
BRDA:149,19,0,2
BRDA:149,19,1,1
BRDA:175,20,0,3
BRDA:175,20,1,0
BRDA:178,21,0,0
BRDA:178,21,1,3
BRDA:181,22,0,0
BRDA:181,22,1,3
BRDA:184,23,0,3
BRDA:184,23,1,1
BRDA:184,24,0,3
BRDA:184,24,1,0
BRDA:185,25,0,3
BRDA:185,25,1,0
BRDA:187,26,0,0
BRDA:187,26,1,3
BRDA:189,27,0,3
BRDA:189,27,1,2
BRDA:195,28,0,3
BRDA:195,28,1,0
BRDA:199,29,0,3
BRDA:199,29,1,0
BRDA:205,30,0,3
BRDA:205,30,1,0
BRDA:205,30,2,0
BRDA:206,31,0,3
BRDA:206,31,1,0
BRDA:226,32,0,0
BRDA:226,32,1,3
BRDA:231,33,0,5
BRDA:231,33,1,5
BRDA:234,34,0,0
BRDA:234,34,1,3
BRDA:234,35,0,3
BRDA:234,35,1,0
BRDA:239,36,0,3
BRDA:239,36,1,0
BRDA:240,37,0,1
BRDA:240,37,1,2
BRDA:240,38,0,3
BRDA:240,38,1,2
BRDA:248,39,0,2
BRDA:248,39,1,1
BRDA:252,40,0,0
BRDA:252,40,1,1
BRDA:265,41,0,3
BRDA:265,41,1,0
BRDA:279,42,0,3
BRDA:279,42,1,0
BRDA:304,43,0,2
BRDA:304,43,1,4
BRDA:339,44,0,1
BRDA:339,44,1,2
BRDA:355,45,0,2
BRDA:355,45,1,0
BRDA:360,46,0,1
BRDA:360,46,1,2
BRF:96
BRH:67
end_of_record
TN:
SF:src\engines\budgetEngine.ts
FN:24,rebuildTreeFromFlatRatios
FN:27,(anonymous_1)
FN:28,(anonymous_2)
FN:44,(anonymous_3)
FN:47,(anonymous_4)
FN:67,collectLeafNodes
FN:80,(anonymous_6)
FN:86,(anonymous_7)
FN:93,calculateBudget
FN:103,(anonymous_9)
FN:111,(anonymous_10)
FN:135,(anonymous_11)
FN:142,(anonymous_12)
FN:144,(anonymous_13)
FN:160,(anonymous_14)
FN:166,(anonymous_15)
FN:183,(anonymous_16)
FN:187,(anonymous_17)
FN:188,(anonymous_18)
FN:191,(anonymous_19)
FN:192,(anonymous_20)
FN:195,(anonymous_21)
FN:196,(anonymous_22)
FN:199,(anonymous_23)
FN:200,(anonymous_24)
FNF:25
FNH:25
FNDA:2,rebuildTreeFromFlatRatios
FNDA:10,(anonymous_1)
FNDA:30,(anonymous_2)
FNDA:36,(anonymous_3)
FNDA:36,(anonymous_4)
FNDA:482534,collectLeafNodes
FNDA:377630,(anonymous_6)
FNDA:377629,(anonymous_7)
FNDA:20990,calculateBudget
FNDA:5360,(anonymous_9)
FNDA:1,(anonymous_10)
FNDA:104902,(anonymous_11)
FNDA:377628,(anonymous_12)
FNDA:377628,(anonymous_13)
FNDA:104902,(anonymous_14)
FNDA:377628,(anonymous_15)
FNDA:377628,(anonymous_16)
FNDA:377628,(anonymous_17)
FNDA:83912,(anonymous_18)
FNDA:377628,(anonymous_19)
FNDA:41956,(anonymous_20)
FNDA:377628,(anonymous_21)
FNDA:20978,(anonymous_22)
FNDA:377628,(anonymous_23)
FNDA:230782,(anonymous_24)
DA:25,2
DA:27,2
DA:28,10
DA:30,30
DA:38,10
DA:39,10
DA:42,10
DA:43,10
DA:44,36
DA:45,10
DA:46,10
DA:47,10
DA:48,36
DA:49,10
DA:51,26
DA:52,26
DA:53,26
DA:61,2
DA:68,482534
DA:69,482534
DA:72,482533
DA:73,482534
DA:75,482534
DA:76,377630
DA:80,377630
DA:81,104903
DA:83,0
DA:86,377629
DA:94,20990
DA:95,20990
DA:96,20990
DA:97,20990
DA:98,20990
DA:99,20990
DA:101,20990
DA:103,5359
DA:104,5360
DA:110,5359
DA:111,5358
DA:112,1
DA:113,0
DA:115,1
DA:117,5358
DA:119,1
DA:122,5359
DA:123,5358
DA:124,5357
DA:125,1
DA:127,1
DA:133,20990
DA:135,20990
DA:136,104902
DA:137,104902
DA:138,104902
DA:141,104902
DA:142,377628
DA:143,104902
DA:144,377628
DA:145,104902
DA:146,1
DA:155,20990
DA:156,1
DA:160,104902
DA:162,20990
DA:166,20990
DA:167,377628
DA:168,377628
DA:183,377628
DA:186,20990
DA:187,377628
DA:188,83912
DA:190,20990
DA:191,377628
DA:192,41956
DA:194,20990
DA:195,377628
DA:196,20978
DA:198,20990
DA:199,377628
DA:200,230782
DA:202,20990
DA:203,20990
DA:205,20990
DA:206,158
DA:211,20990
LF:85
LH:83
BRDA:30,0,0,30
BRDA:30,0,1,20
BRDA:30,0,2,0
BRDA:30,0,3,20
BRDA:30,0,4,2
BRDA:30,0,5,20
BRDA:30,0,6,4
BRDA:30,0,7,20
BRDA:30,0,8,6
BRDA:30,0,9,20
BRDA:30,0,10,8
BRDA:38,1,0,10
BRDA:38,1,1,0
BRDA:42,2,0,10
BRDA:42,2,1,0
BRDA:42,3,0,10
BRDA:42,3,1,10
BRDA:45,4,0,10
BRDA:45,4,1,0
BRDA:48,5,0,10
BRDA:48,5,1,26
BRDA:69,6,0,1
BRDA:69,6,1,482533
BRDA:72,7,0,482533
BRDA:72,7,1,356639
BRDA:72,7,2,12
BRDA:75,8,0,377630
BRDA:75,8,1,104904
BRDA:75,9,0,482534
BRDA:75,9,1,104903
BRDA:81,10,0,0
BRDA:81,10,1,104903
BRDA:101,11,0,5359
BRDA:101,11,1,15631
BRDA:110,12,0,5358
BRDA:110,12,1,1
BRDA:112,13,0,0
BRDA:112,13,1,1
BRDA:122,14,0,5358
BRDA:122,14,1,1
BRDA:123,15,0,5357
BRDA:123,15,1,1
BRDA:125,16,0,1
BRDA:125,16,1,0
BRDA:125,17,0,1
BRDA:125,17,1,1
BRDA:137,18,0,104902
BRDA:137,18,1,0
BRDA:141,19,0,104902
BRDA:141,19,1,0
BRDA:141,20,0,104902
BRDA:141,20,1,104902
BRDA:143,21,0,104902
BRDA:143,21,1,0
BRDA:145,22,0,1
BRDA:145,22,1,104901
BRDA:155,23,0,1
BRDA:155,23,1,20989
BRDA:162,24,0,1
BRDA:162,24,1,20989
BRDA:162,25,0,20990
BRDA:162,25,1,1
BRDA:187,26,0,377628
BRDA:187,26,1,293716
BRDA:199,27,0,377628
BRDA:199,27,1,146846
BRDA:199,27,2,0
BRDA:199,27,3,0
BRDA:203,28,0,158
BRDA:203,28,1,20832
BRDA:205,29,0,158
BRDA:205,29,1,20832
BRF:72
BRH:60
end_of_record
TN:
SF:src\engines\cashflowEngine.ts
FN:32,calculateCashflow
FN:50,(anonymous_1)
FN:53,(anonymous_2)
FN:56,(anonymous_3)
FN:90,(anonymous_4)
FN:96,(anonymous_5)
FNF:6
FNH:6
FNDA:19335,calculateCashflow
FNDA:8239,(anonymous_1)
FNDA:22,(anonymous_2)
FNDA:8239,(anonymous_3)
FNDA:1513,(anonymous_4)
FNDA:347928,(anonymous_5)
DA:33,19335
DA:34,19335
DA:35,19335
DA:36,19335
DA:38,19335
DA:41,19335
DA:45,19335
DA:46,19335
DA:47,19335
DA:50,19335
DA:51,8239
DA:53,19335
DA:56,19335
DA:57,8239
DA:59,5348
DA:60,5348
DA:61,5348
DA:62,825
DA:63,825
DA:66,5348
DA:70,5348
DA:73,5051
DA:74,5051
DA:76,3648
DA:77,3648
DA:78,3648
DA:79,0
DA:80,0
DA:83,3648
DA:84,192
DA:85,110
DA:88,1403
DA:90,19335
DA:91,1513
DA:96,347928
DA:97,19335
DA:101,19335
DA:102,19335
DA:104,19335
DA:105,913
DA:110,19335
LF:41
LH:39
BRDA:41,0,0,1
BRDA:41,0,1,19334
BRDA:51,1,0,8239
BRDA:51,1,1,687
BRDA:57,2,0,2891
BRDA:57,2,1,5348
BRDA:61,3,0,825
BRDA:61,3,1,4523
BRDA:70,4,0,297
BRDA:70,4,1,5051
BRDA:74,5,0,3648
BRDA:74,5,1,1403
BRDA:78,6,0,0
BRDA:78,6,1,3648
BRDA:83,7,0,3456
BRDA:83,7,1,192
BRDA:84,8,0,82
BRDA:84,8,1,110
BRDA:84,9,0,192
BRDA:84,9,1,111
BRDA:97,10,0,6
BRDA:97,10,1,19329
BRDA:104,11,0,913
BRDA:104,11,1,18422
BRF:24
BRH:23
end_of_record
TN:
SF:src\engines\childEngine.ts
FN:22,calculateChildCost
FNF:1
FNH:1
FNDA:14,calculateChildCost
DA:23,14
DA:38,14
DA:39,14
DA:40,14
DA:41,1
DA:44,13
DA:45,13
DA:50,13
DA:51,1
DA:54,12
DA:55,12
DA:58,12
DA:59,12
DA:60,12
DA:61,12
DA:62,12
DA:63,12
DA:64,12
DA:65,12
DA:66,12
DA:68,12
DA:70,2
DA:71,2
DA:72,2
DA:73,2
DA:74,2
DA:75,10
DA:77,1
DA:78,1
DA:79,1
DA:80,1
DA:81,1
DA:82,1
DA:83,1
DA:84,9
DA:86,2
DA:87,2
DA:88,2
DA:89,2
DA:90,2
DA:91,2
DA:92,2
DA:93,7
DA:95,1
DA:96,1
DA:97,1
DA:98,1
DA:99,1
DA:100,1
DA:101,1
DA:102,6
DA:104,2
DA:105,2
DA:106,2
DA:107,2
DA:108,2
DA:109,2
DA:110,4
DA:111,1
DA:112,1
DA:113,3
DA:114,1
DA:115,1
DA:116,2
DA:117,1
DA:118,1
DA:121,1
DA:139,11
DA:140,11
DA:141,11
DA:143,11
DA:144,11
DA:145,11
DA:147,11
DA:148,11
DA:149,11
DA:150,11
DA:154,11
DA:163,11
DA:164,11
DA:166,11
DA:167,1
DA:168,1
DA:171,11
LF:84
LH:84
BRDA:40,0,0,1
BRDA:40,0,1,13
BRDA:40,1,0,14
BRDA:40,1,1,13
BRDA:50,2,0,1
BRDA:50,2,1,12
BRDA:68,3,0,2
BRDA:68,3,1,10
BRDA:75,4,0,1
BRDA:75,4,1,9
BRDA:84,5,0,2
BRDA:84,5,1,7
BRDA:93,6,0,1
BRDA:93,6,1,6
BRDA:102,7,0,2
BRDA:102,7,1,4
BRDA:110,8,0,1
BRDA:110,8,1,3
BRDA:113,9,0,1
BRDA:113,9,1,2
BRDA:116,10,0,1
BRDA:116,10,1,1
BRDA:166,11,0,1
BRDA:166,11,1,10
BRF:24
BRH:24
end_of_record
TN:
SF:src\engines\databaseResolver.ts
FN:15,generateResolvedMonthlyDb
FN:35,(anonymous_1)
FN:37,(anonymous_2)
FN:40,(anonymous_3)
FN:55,(anonymous_4)
FN:74,(anonymous_5)
FN:80,(anonymous_6)
FN:97,(anonymous_7)
FN:101,(anonymous_8)
FN:112,(anonymous_9)
FN:134,(anonymous_10)
FN:138,(anonymous_11)
FN:142,(anonymous_12)
FN:150,(anonymous_13)
FNF:14
FNH:13
FNDA:8,generateResolvedMonthlyDb
FNDA:23,(anonymous_1)
FNDA:23,(anonymous_2)
FNDA:1656,(anonymous_3)
FNDA:29616,(anonymous_4)
FNDA:12,(anonymous_5)
FNDA:0,(anonymous_6)
FNDA:16,(anonymous_7)
FNDA:18,(anonymous_8)
FNDA:25,(anonymous_9)
FNDA:8232,(anonymous_10)
FNDA:8232,(anonymous_11)
FNDA:29616,(anonymous_12)
FNDA:1656,(anonymous_13)
DA:25,8
DA:35,23
DA:36,8
DA:37,23
DA:40,8
DA:42,1656
DA:45,1656
DA:51,1656
DA:52,1656
DA:53,1656
DA:55,1656
DA:56,29616
DA:57,29616
DA:60,29616
DA:61,29616
DA:63,29616
DA:64,29616
DA:66,29616
DA:70,1656
DA:71,1656
DA:72,1656
DA:74,1656
DA:75,12
DA:78,1656
DA:80,12
DA:81,0
DA:84,12
DA:87,12
DA:91,12
DA:92,10
DA:93,10
DA:95,10
DA:97,10
DA:98,16
DA:99,16
DA:101,18
DA:102,9
DA:103,6
DA:105,3
DA:107,9
DA:110,16
DA:112,25
DA:113,16
DA:114,13
DA:115,13
DA:119,10
DA:120,10
DA:121,10
DA:125,1656
DA:135,8232
DA:136,8232
DA:139,8232
DA:140,8232
DA:143,29616
DA:144,29616
DA:149,8
DA:150,8
DA:151,1656
DA:154,8
LF:59
LH:58
BRDA:36,0,0,7
BRDA:36,0,1,1
BRDA:60,1,0,8232
BRDA:60,1,1,21384
BRDA:61,2,0,8232
BRDA:61,2,1,21384
BRDA:78,3,0,12
BRDA:78,3,1,1644
BRDA:87,4,0,3
BRDA:87,4,1,9
BRDA:87,5,0,12
BRDA:87,5,1,3
BRDA:91,6,0,10
BRDA:91,6,1,2
BRDA:99,7,0,9
BRDA:99,7,1,7
BRDA:102,8,0,6
BRDA:102,8,1,3
BRDA:113,9,0,13
BRDA:113,9,1,3
BRDA:115,10,0,13
BRDA:115,10,1,7
BRF:22
BRH:22
end_of_record
TN:
SF:src\engines\expenseEngine.ts
FN:34,analyzeExpense
FN:42,(anonymous_1)
FN:44,(anonymous_2)
FN:49,(anonymous_3)
FN:57,(anonymous_4)
FN:68,(anonymous_5)
FN:72,(anonymous_6)
FN:87,(anonymous_7)
FN:92,(anonymous_8)
FN:99,(anonymous_9)
FN:108,(anonymous_10)
FN:115,(anonymous_11)
FN:130,(anonymous_12)
FN:153,(anonymous_13)
FN:195,(anonymous_14)
FN:204,(anonymous_15)
FN:213,(anonymous_16)
FNF:17
FNH:17
FNDA:18,analyzeExpense
FNDA:29,(anonymous_1)
FNDA:52,(anonymous_2)
FNDA:126,(anonymous_3)
FNDA:165,(anonymous_4)
FNDA:2,(anonymous_5)
FNDA:24,(anonymous_6)
FNDA:23,(anonymous_7)
FNDA:87,(anonymous_8)
FNDA:210,(anonymous_9)
FNDA:210,(anonymous_10)
FNDA:26,(anonymous_11)
FNDA:14,(anonymous_12)
FNDA:12,(anonymous_13)
FNDA:22,(anonymous_14)
FNDA:34,(anonymous_15)
FNDA:210,(anonymous_16)
DA:41,18
DA:42,18
DA:43,29
DA:44,52
DA:49,126
DA:51,18
DA:53,18
DA:54,18
DA:55,18
DA:57,18
DA:58,165
DA:59,165
DA:63,18
DA:65,18
DA:66,1
DA:67,1
DA:68,2
DA:69,1
DA:72,24
DA:73,18
DA:74,1
DA:79,18
DA:81,18
DA:87,18
DA:88,23
DA:91,23
DA:92,23
DA:93,87
DA:96,23
DA:99,23
DA:100,210
DA:101,187
DA:107,23
DA:108,23
DA:109,210
DA:110,187
DA:114,23
DA:115,13
DA:116,26
DA:117,26
DA:119,26
DA:120,26
DA:124,26
DA:125,11
DA:128,10
DA:130,9
DA:131,14
DA:132,14
DA:135,14
DA:137,14
DA:138,14
DA:142,14
DA:143,10
DA:148,23
DA:151,23
DA:153,23
DA:155,12
DA:156,12
DA:157,3
DA:158,3
DA:159,2
DA:160,2
DA:161,2
DA:162,2
DA:163,2
DA:165,2
DA:171,12
DA:172,9
DA:173,9
DA:174,9
DA:175,9
DA:177,9
DA:178,9
DA:180,9
DA:181,5
DA:182,5
DA:183,5
DA:184,5
DA:185,5
DA:187,5
DA:194,23
DA:195,15
DA:196,22
DA:197,21
DA:199,22
DA:203,23
DA:204,19
DA:205,34
DA:206,8
DA:208,34
DA:213,23
DA:214,210
DA:215,210
DA:216,210
DA:218,210
DA:230,18
LF:96
LH:96
BRDA:43,0,0,28
BRDA:43,0,1,1
BRDA:65,1,0,1
BRDA:65,1,1,17
BRDA:65,2,0,18
BRDA:65,2,1,1
BRDA:69,3,0,0
BRDA:69,3,1,1
BRDA:73,4,0,1
BRDA:73,4,1,17
BRDA:82,5,0,8
BRDA:82,5,1,10
BRDA:82,6,0,18
BRDA:82,6,1,8
BRDA:88,7,0,23
BRDA:88,7,1,1
BRDA:93,8,0,87
BRDA:93,8,1,66
BRDA:100,9,0,187
BRDA:100,9,1,23
BRDA:101,10,0,187
BRDA:101,10,1,141
BRDA:109,11,0,187
BRDA:109,11,1,23
BRDA:114,12,0,13
BRDA:114,12,1,10
BRDA:117,13,0,0
BRDA:117,13,1,26
BRDA:119,14,0,26
BRDA:119,14,1,0
BRDA:124,15,0,11
BRDA:124,15,1,15
BRDA:128,16,0,9
BRDA:128,16,1,1
BRDA:132,17,0,0
BRDA:132,17,1,14
BRDA:137,18,0,14
BRDA:137,18,1,0
BRDA:142,19,0,10
BRDA:142,19,1,4
BRDA:156,20,0,3
BRDA:156,20,1,9
BRDA:158,21,0,2
BRDA:158,21,1,1
BRDA:159,22,0,2
BRDA:159,22,1,0
BRDA:160,23,0,2
BRDA:160,23,1,0
BRDA:162,24,0,2
BRDA:162,24,1,0
BRDA:171,25,0,9
BRDA:171,25,1,3
BRDA:171,26,0,12
BRDA:171,26,1,10
BRDA:171,26,2,9
BRDA:174,27,0,1
BRDA:174,27,1,8
BRDA:177,28,0,9
BRDA:177,28,1,0
BRDA:178,29,0,9
BRDA:178,29,1,0
BRDA:180,30,0,5
BRDA:180,30,1,4
BRDA:180,31,0,9
BRDA:180,31,1,5
BRDA:182,32,0,5
BRDA:182,32,1,0
BRDA:184,33,0,5
BRDA:184,33,1,0
BRDA:194,34,0,15
BRDA:194,34,1,8
BRDA:196,35,0,21
BRDA:196,35,1,1
BRDA:203,36,0,19
BRDA:203,36,1,4
BRDA:205,37,0,8
BRDA:205,37,1,26
BRDA:214,38,0,210
BRDA:214,38,1,145
BRDA:215,39,0,210
BRDA:215,39,1,147
BRDA:216,40,0,210
BRDA:216,40,1,151
BRDA:222,41,0,210
BRDA:222,41,1,145
BRDA:223,42,0,210
BRDA:223,42,1,147
BRDA:224,43,0,210
BRDA:224,43,1,151
BRDA:225,44,0,210
BRDA:225,44,1,147
BRDA:225,45,0,210
BRDA:225,45,1,151
BRF:93
BRH:81
end_of_record
TN:
SF:src\engines\fireEngine.ts
FN:23,calculateFire
FN:39,(anonymous_1)
FNF:2
FNH:2
FNDA:22626,calculateFire
FNDA:5959,(anonymous_1)
DA:24,22626
DA:25,22626
DA:26,22626
DA:29,22626
DA:31,22626
DA:32,22626
DA:33,22626
DA:34,22626
DA:37,22626
DA:38,22626
DA:39,22626
DA:41,22626
DA:42,3196
DA:45,22626
LF:14
LH:14
BRDA:29,0,0,22624
BRDA:29,0,1,2
BRDA:32,1,0,22625
BRDA:32,1,1,1
BRDA:33,2,0,966
BRDA:33,2,1,21660
BRDA:41,3,0,3196
BRDA:41,3,1,19430
BRF:8
BRH:8
end_of_record
TN:
SF:src\engines\healthEngine.ts
FN:32,calculateHealthDefense
FNF:1
FNH:1
FNDA:8,calculateHealthDefense
DA:33,8
DA:34,8
DA:36,8
DA:37,8
DA:38,8
DA:39,8
DA:40,8
DA:41,8
DA:42,8
DA:43,8
DA:47,8
DA:50,8
DA:51,8
DA:54,8
DA:59,8
DA:60,8
DA:62,8
DA:63,5
DA:64,1
DA:65,1
DA:67,4
DA:68,4
DA:73,8
DA:74,3
DA:76,5
DA:79,8
LF:26
LH:26
BRDA:54,0,0,7
BRDA:54,0,1,1
BRDA:62,1,0,5
BRDA:62,1,1,3
BRDA:63,2,0,1
BRDA:63,2,1,4
BRDA:73,3,0,3
BRDA:73,3,1,5
BRDA:73,4,0,8
BRDA:73,4,1,5
BRF:10
BRH:10
end_of_record
TN:
SF:src\engines\incomeEngine.ts
FN:21,calculateIncome
FN:31,(anonymous_1)
FNF:2
FNH:2
FNDA:20989,calculateIncome
FNDA:6609,(anonymous_1)
DA:22,20989
DA:23,20989
DA:24,20989
DA:26,20989
DA:28,20989
DA:29,20989
DA:31,20989
DA:33,6609
DA:34,2
DA:38,6607
DA:39,6607
DA:41,6607
DA:42,1909
DA:46,4698
DA:47,4143
DA:48,4143
DA:49,3025
DA:54,1673
DA:55,6609
DA:57,6609
DA:58,6609
DA:59,6609
DA:62,20989
LF:23
LH:23
BRDA:33,0,0,2
BRDA:33,0,1,6607
BRDA:33,1,0,6609
BRDA:33,1,1,6608
BRDA:41,2,0,1909
BRDA:41,2,1,4698
BRDA:46,3,0,4143
BRDA:46,3,1,555
BRDA:46,4,0,4698
BRDA:46,4,1,4143
BRDA:48,5,0,3025
BRDA:48,5,1,1118
BRDA:54,6,0,1673
BRDA:54,6,1,13
BRDA:57,7,0,6609
BRDA:57,7,1,1673
BRF:16
BRH:16
end_of_record
TN:
SF:src\engines\ledgerEngine.ts
FN:4,(anonymous_0)
FN:7,(anonymous_1)
FN:20,(anonymous_2)
FN:39,(anonymous_3)
FN:57,(anonymous_4)
FN:76,(anonymous_5)
FN:97,(anonymous_6)
FN:116,(anonymous_7)
FN:134,(anonymous_8)
FNF:9
FNH:9
FNDA:3,(anonymous_0)
FNDA:6,(anonymous_1)
FNDA:6,(anonymous_2)
FNDA:1,(anonymous_3)
FNDA:1,(anonymous_4)
FNDA:2,(anonymous_5)
FNDA:2,(anonymous_6)
FNDA:1,(anonymous_7)
FNDA:22,(anonymous_8)
DA:4,1
DA:5,3
DA:7,3
DA:8,6
DA:9,1
DA:10,1
DA:11,1
DA:12,1
DA:13,1
DA:14,1
DA:19,3
DA:20,2
DA:21,6
DA:38,3
DA:39,1
DA:40,1
DA:56,3
DA:57,1
DA:58,1
DA:75,3
DA:76,1
DA:77,2
DA:78,2
DA:79,2
DA:96,3
DA:97,1
DA:98,2
DA:115,3
DA:116,1
DA:117,1
DA:134,3
DA:135,22
DA:136,22
DA:139,3
LF:34
LH:34
BRDA:8,0,0,1
BRDA:8,0,1,1
BRDA:8,0,2,1
BRDA:8,0,3,1
BRDA:8,0,4,1
BRDA:8,0,5,1
BRDA:19,1,0,2
BRDA:19,1,1,1
BRDA:24,2,0,6
BRDA:24,2,1,5
BRDA:29,3,0,6
BRDA:29,3,1,0
BRDA:38,4,0,1
BRDA:38,4,1,2
BRDA:43,5,0,1
BRDA:43,5,1,0
BRDA:48,6,0,1
BRDA:48,6,1,0
BRDA:56,7,0,1
BRDA:56,7,1,2
BRDA:66,8,0,1
BRDA:66,8,1,0
BRDA:75,9,0,1
BRDA:75,9,1,2
BRDA:87,10,0,1
BRDA:87,10,1,1
BRDA:90,11,0,1
BRDA:90,11,1,1
BRDA:96,12,0,1
BRDA:96,12,1,2
BRDA:106,13,0,1
BRDA:106,13,1,1
BRDA:115,14,0,1
BRDA:115,14,1,2
BRDA:125,15,0,1
BRDA:125,15,1,1
BRDA:135,16,0,0
BRDA:135,16,1,22
BRF:38
BRH:33
end_of_record
TN:
SF:src\engines\portfolioEngine.ts
FN:16,calculatePortfolio
FN:23,(anonymous_1)
FN:47,(anonymous_2)
FN:48,(anonymous_3)
FNF:4
FNH:4
FNDA:5,calculatePortfolio
FNDA:25,(anonymous_1)
FNDA:25,(anonymous_2)
FNDA:43,(anonymous_3)
DA:17,5
DA:18,5
DA:19,5
DA:20,5
DA:21,5
DA:23,25
DA:31,5
DA:39,5
DA:40,5
DA:41,5
DA:42,5
DA:45,5
DA:47,5
DA:48,43
DA:49,25
DA:52,25
DA:53,25
DA:54,1
DA:58,25
DA:59,25
DA:60,1
DA:63,24
DA:64,24
DA:68,25
DA:69,25
DA:71,25
DA:72,1
DA:73,1
DA:77,25
DA:78,25
DA:82,25
DA:83,25
DA:85,25
DA:93,25
DA:94,25
DA:95,25
DA:96,25
DA:99,5
LF:38
LH:38
BRDA:53,0,0,1
BRDA:53,0,1,24
BRDA:59,1,0,1
BRDA:59,1,1,24
BRDA:71,2,0,1
BRDA:71,2,1,24
BRDA:77,3,0,11
BRDA:77,3,1,14
BRF:8
BRH:8
end_of_record
TN:
SF:src\engines\projectionEngine.ts
FN:35,runProjection
FN:95,(anonymous_1)
FN:98,(anonymous_2)
FN:104,(anonymous_3)
FN:132,(anonymous_4)
FN:136,(anonymous_5)
FN:142,(anonymous_6)
FN:151,(anonymous_7)
FN:156,(anonymous_8)
FN:182,(anonymous_9)
FN:189,(anonymous_10)
FN:192,(anonymous_11)
FN:206,(anonymous_12)
FN:213,(anonymous_13)
FN:246,(anonymous_14)
FN:248,(anonymous_15)
FN:261,(anonymous_16)
FN:280,(anonymous_17)
FN:286,(anonymous_18)
FN:304,(anonymous_19)
FN:318,(anonymous_20)
FN:344,(anonymous_21)
FN:345,(anonymous_22)
FN:376,(anonymous_23)
FN:386,(anonymous_24)
FN:404,(anonymous_25)
FN:429,(anonymous_26)
FN:431,(anonymous_27)
FN:446,(anonymous_28)
FN:449,(anonymous_29)
FN:477,(anonymous_30)
FN:509,(anonymous_31)
FN:539,(anonymous_32)
FN:541,(anonymous_33)
FN:556,(anonymous_34)
FN:559,(anonymous_35)
FN:600,(anonymous_36)
FN:680,(anonymous_37)
FN:694,(anonymous_38)
FN:706,(anonymous_39)
FN:715,(anonymous_40)
FN:730,(anonymous_41)
FN:739,(anonymous_42)
FN:765,(anonymous_43)
FN:778,(anonymous_44)
FN:785,(anonymous_45)
FN:796,(anonymous_46)
FN:814,(anonymous_47)
FN:818,(anonymous_48)
FN:832,(anonymous_49)
FN:897,(anonymous_50)
FN:902,(anonymous_51)
FN:905,(anonymous_52)
FN:907,(anonymous_53)
FN:914,(anonymous_54)
FN:918,(anonymous_55)
FN:920,(anonymous_56)
FN:932,(anonymous_57)
FN:988,(anonymous_58)
FN:990,(anonymous_59)
FN:991,(anonymous_60)
FN:994,(anonymous_61)
FN:995,(anonymous_62)
FN:996,(anonymous_63)
FN:997,(anonymous_64)
FN:998,(anonymous_65)
FN:999,(anonymous_66)
FN:1000,(anonymous_67)
FN:1002,(anonymous_68)
FN:1003,(anonymous_69)
FN:1012,(anonymous_70)
FN:1022,(anonymous_71)
FN:1063,(anonymous_72)
FNF:73
FNH:49
FNDA:49,runProjection
FNDA:19329,(anonymous_1)
FNDA:0,(anonymous_2)
FNDA:411,(anonymous_3)
FNDA:78,(anonymous_4)
FNDA:0,(anonymous_5)
FNDA:0,(anonymous_6)
FNDA:0,(anonymous_7)
FNDA:0,(anonymous_8)
FNDA:347922,(anonymous_9)
FNDA:0,(anonymous_10)
FNDA:0,(anonymous_11)
[...]
BRDA:386,63,0,0
BRDA:386,63,1,0
BRDA:386,63,2,0
BRDA:401,64,0,13
BRDA:401,64,1,0
BRDA:402,65,0,0
BRDA:402,65,1,0
BRDA:404,66,0,0
BRDA:404,66,1,0
BRDA:404,67,0,0
BRDA:404,67,1,0
BRDA:404,67,2,0
BRDA:407,68,0,0
BRDA:407,68,1,0
BRDA:408,69,0,0
BRDA:408,69,1,0
BRDA:408,69,2,0
BRDA:423,70,0,0
BRDA:423,70,1,13
BRDA:460,71,0,65
BRDA:460,71,1,0
BRDA:464,72,0,65
BRDA:464,72,1,0
BRDA:472,73,0,65
BRDA:472,73,1,0
BRDA:473,74,0,65
BRDA:473,74,1,65
BRDA:475,75,0,65
BRDA:475,75,1,0
BRDA:490,76,0,65
BRDA:490,76,1,0
BRDA:502,77,0,13
BRDA:502,77,1,0
BRDA:538,78,0,13
BRDA:538,78,1,0
BRDA:573,79,0,13
BRDA:573,79,1,0
BRDA:604,80,0,3
BRDA:604,80,1,0
BRDA:604,81,0,3
BRDA:604,81,1,0
BRDA:615,82,0,13
BRDA:615,82,1,9
BRDA:619,83,0,0
BRDA:619,83,1,0
BRDA:619,84,0,0
BRDA:619,84,1,0
BRDA:630,85,0,0
BRDA:630,85,1,0
BRDA:632,86,0,0
BRDA:632,86,1,0
BRDA:642,87,0,0
BRDA:642,87,1,0
BRDA:643,88,0,0
BRDA:643,88,1,0
BRDA:643,89,0,0
BRDA:643,89,1,0
BRDA:644,90,0,0
BRDA:644,90,1,0
BRDA:645,91,0,0
BRDA:645,91,1,0
BRDA:663,92,0,0
BRDA:663,92,1,0
BRDA:664,93,0,0
BRDA:664,93,1,0
BRDA:664,94,0,0
BRDA:664,94,1,0
BRDA:665,95,0,0
BRDA:665,95,1,0
BRDA:666,96,0,0
BRDA:666,96,1,0
BRDA:669,97,0,0
BRDA:669,97,1,0
BRDA:671,98,0,0
BRDA:671,98,1,0
BRDA:674,99,0,0
BRDA:674,99,1,0
BRDA:683,100,0,0
BRDA:683,100,1,0
BRDA:684,101,0,0
BRDA:684,101,1,0
BRDA:685,102,0,0
BRDA:685,102,1,0
BRDA:690,103,0,0
BRDA:690,103,1,0
BRDA:691,104,0,0
BRDA:691,104,1,0
BRDA:726,105,0,0
BRDA:726,105,1,1
BRDA:739,106,0,9
BRDA:739,106,1,8
BRDA:739,106,2,8
BRDA:743,107,0,8
BRDA:743,107,1,0
BRDA:743,108,0,0
BRDA:743,108,1,0
BRDA:751,109,0,0
BRDA:751,109,1,1
BRDA:753,110,0,0
BRDA:753,110,1,1
BRDA:753,111,0,1
BRDA:753,111,1,1
BRDA:768,112,0,0
BRDA:768,112,1,1
BRDA:770,113,0,1
BRDA:770,113,1,0
BRDA:770,114,0,1
BRDA:770,114,1,1
BRDA:786,115,0,8
BRDA:786,115,1,1
BRDA:792,116,0,9
BRDA:792,116,1,8
BRDA:792,116,2,8
BRDA:792,116,3,2
BRDA:794,117,0,1
BRDA:794,117,1,8
BRDA:794,118,0,9
BRDA:794,118,1,8
BRDA:794,118,2,8
BRDA:794,118,3,2
BRDA:806,119,0,9
BRDA:806,119,1,0
BRDA:818,120,0,9
BRDA:818,120,1,0
BRDA:835,121,0,9
BRDA:835,121,1,1
BRDA:840,122,0,9
BRDA:840,122,1,0
BRDA:847,123,0,0
BRDA:847,123,1,0
BRDA:853,124,0,0
BRDA:853,124,1,0
BRDA:883,125,0,9
BRDA:883,125,1,0
BRDA:902,126,0,9
BRDA:902,126,1,9
BRDA:902,126,2,1
BRDA:903,127,0,0
BRDA:903,127,1,9
BRDA:927,128,0,13
BRDA:927,128,1,0
BRDA:927,129,0,13
BRDA:927,129,1,13
BRDA:937,130,0,0
BRDA:937,130,1,0
BRDA:938,131,0,0
BRDA:938,131,1,0
BRDA:944,132,0,0
BRDA:944,132,1,0
BRDA:946,133,0,0
BRDA:946,133,1,0
BRDA:946,134,0,0
BRDA:946,134,1,0
BRDA:946,134,2,0
BRDA:952,135,0,0
BRDA:952,135,1,0
BRDA:954,136,0,0
BRDA:954,136,1,0
BRDA:954,137,0,0
BRDA:954,137,1,0
BRDA:954,137,2,0
BRDA:961,138,0,0
BRDA:961,138,1,0
BRDA:963,139,0,0
BRDA:963,139,1,0
BRDA:963,139,2,0
BRDA:963,139,3,0
BRDA:970,140,0,0
BRDA:970,140,1,0
BRDA:970,140,2,0
BRDA:975,141,0,0
BRDA:975,141,1,0
BRDA:975,141,2,0
BRDA:982,142,0,0
BRDA:982,142,1,0
BRDA:983,143,0,0
BRDA:983,143,1,0
BRDA:984,144,0,0
BRDA:984,144,1,0
BRDA:985,145,0,0
BRDA:985,145,1,0
BRDA:985,146,0,0
BRDA:985,146,1,0
BRDA:985,146,2,0
BRDA:992,147,0,0
BRDA:992,147,1,0
BRDA:992,148,0,0
BRDA:992,148,1,0
BRDA:996,149,0,0
BRDA:996,149,1,0
BRDA:996,149,2,0
BRDA:1002,150,0,0
BRDA:1002,150,1,0
BRDA:1004,151,0,0
BRDA:1004,151,1,0
BRDA:1007,152,0,0
BRDA:1007,152,1,0
BRDA:1009,153,0,0
BRDA:1009,153,1,0
BRDA:1013,154,0,0
BRDA:1013,154,1,0
BRDA:1018,155,0,0
BRDA:1018,155,1,0
BRDA:1024,156,0,0
BRDA:1024,156,1,0
BRDA:1025,157,0,0
BRDA:1025,157,1,0
BRDA:1032,158,0,0
BRDA:1032,158,1,0
BRDA:1035,159,0,0
BRDA:1035,159,1,0
BRDA:1040,160,0,0
BRDA:1040,160,1,0
BRDA:1045,161,0,0
BRDA:1045,161,1,0
BRDA:1046,162,0,0
BRDA:1046,162,1,0
BRDA:1056,163,0,0
BRDA:1056,163,1,0
BRDA:1058,164,0,0
BRDA:1058,164,1,0
BRDA:1062,165,0,0
BRDA:1062,165,1,0
BRDA:1074,166,0,0
BRDA:1074,166,1,0
BRDA:1076,167,0,0
BRDA:1076,167,1,0
BRDA:1076,167,2,0
BRDA:1077,168,0,0
BRDA:1077,168,1,0
BRDA:1079,169,0,0
BRDA:1079,169,1,0
BRDA:1080,170,0,0
BRDA:1080,170,1,0
BRDA:1104,171,0,0
BRDA:1104,171,1,0
BRDA:1151,172,0,0
BRDA:1151,172,1,0
BRDA:1163,173,0,0
BRDA:1163,173,1,0
BRDA:1168,174,0,0
BRDA:1168,174,1,0
BRDA:1187,175,0,0
BRDA:1187,175,1,0
BRDA:1198,176,0,0
BRDA:1198,176,1,0
BRDA:1202,177,0,0
BRDA:1202,177,1,0
BRDA:1203,178,0,0
BRDA:1203,178,1,0
BRDA:1207,179,0,0
BRDA:1207,179,1,0
BRDA:1207,180,0,0
BRDA:1207,180,1,0
BRDA:1225,181,0,0
BRDA:1225,181,1,0
BRDA:1232,182,0,0
BRDA:1232,182,1,0
BRDA:1279,183,0,0
BRDA:1279,183,1,0
BRDA:1283,184,0,0
BRDA:1283,184,1,0
BRDA:1290,185,0,0
BRDA:1290,185,1,0
BRDA:1309,186,0,0
BRDA:1309,186,1,0
BRDA:1324,187,0,0
BRDA:1324,187,1,0
BRDA:1338,188,0,0
BRDA:1338,188,1,0
BRDA:1374,189,0,13
BRDA:1374,189,1,0
BRDA:1374,190,0,13
BRDA:1374,190,1,13
BRDA:1383,191,0,0
BRDA:1383,191,1,0
BRDA:1383,192,0,0
BRDA:1383,192,1,0
BRDA:1391,193,0,0
BRDA:1391,193,1,0
BRDA:1392,194,0,0
BRDA:1392,194,1,0
BRDA:1393,195,0,0
BRDA:1393,195,1,0
BRDA:1394,196,0,0
BRDA:1394,196,1,0
BRDA:1401,197,0,0
BRDA:1401,197,1,0
BRDA:1401,198,0,0
BRDA:1401,198,1,0
BRDA:1402,199,0,0
BRDA:1402,199,1,0
BRDA:1402,200,0,0
BRDA:1402,200,1,0
BRDA:1402,201,0,0
BRDA:1402,201,1,0
BRDA:1404,202,0,0
BRDA:1404,202,1,0
BRDA:1405,203,0,0
BRDA:1405,203,1,0
BRDA:1407,204,0,0
BRDA:1407,204,1,0
BRDA:1408,205,0,0
BRDA:1408,205,1,0
BRF:442
BRH:116
end_of_record
TN:
SF:src\schema\appStateSchema.ts
FNF:0
FNH:0
DA:4,3
DA:17,3
LF:2
LH:2
BRF:0
BRH:0
end_of_record
TN:
SF:src\services\aiService.ts
FN:5,(anonymous_0)
FN:14,(anonymous_1)
FN:36,(anonymous_2)
FN:39,(anonymous_3)
FN:48,(anonymous_4)
FN:76,(anonymous_5)
FN:105,(anonymous_6)
FN:204,(anonymous_7)
FN:215,formatTableMoneyVNDMillionOffline
FNF:9
FNH:0
FNDA:0,(anonymous_0)
FNDA:0,(anonymous_1)
FNDA:0,(anonymous_2)
FNDA:0,(anonymous_3)
FNDA:0,(anonymous_4)
FNDA:0,(anonymous_5)
FNDA:0,(anonymous_6)
FNDA:0,(anonymous_7)
FNDA:0,formatTableMoneyVNDMillionOffline
DA:5,2
DA:6,0
DA:8,0
DA:9,0
DA:11,0
DA:12,0
DA:13,0
DA:14,0
DA:18,0
DA:36,0
DA:39,0
DA:48,2
DA:54,0
DA:56,0
DA:58,0
DA:63,0
DA:71,0
DA:72,0
DA:73,0
DA:76,2
DA:85,0
DA:86,0
DA:88,0
DA:95,0
DA:96,0
DA:97,0
DA:99,0
DA:100,0
DA:102,0
DA:103,0
DA:105,0
DA:106,0
DA:107,0
DA:110,0
DA:116,0
DA:117,0
DA:118,0
DA:119,0
DA:122,0
DA:123,0
DA:124,0
DA:132,0
DA:133,0
DA:134,0
DA:142,0
DA:143,0
DA:144,0
DA:152,0
DA:153,0
DA:154,0
DA:160,0
DA:161,0
DA:168,0
DA:169,0
DA:177,0
DA:178,0
DA:186,0
DA:187,0
DA:188,0
DA:189,0
DA:190,0
DA:192,0
DA:200,0
DA:205,0
DA:206,0
DA:216,0
DA:217,0
DA:219,0
LF:68
LH:3
BRDA:8,0,0,0
BRDA:8,0,1,0
BRDA:9,1,0,0
BRDA:9,1,1,0
BRDA:12,2,0,0
BRDA:12,2,1,0
BRDA:12,3,0,0
BRDA:12,3,1,0
BRDA:26,4,0,0
BRDA:26,4,1,0
BRDA:36,5,0,0
BRDA:36,5,1,0
BRDA:36,6,0,0
BRDA:36,6,1,0
BRDA:36,7,0,0
BRDA:36,7,1,0
BRDA:39,8,0,0
BRDA:39,8,1,0
BRDA:39,9,0,0
BRDA:39,9,1,0
BRDA:39,10,0,0
BRDA:39,10,1,0
BRDA:39,11,0,0
BRDA:39,11,1,0
BRDA:54,12,0,0
BRDA:54,12,1,0
BRDA:110,13,0,0
BRDA:110,13,1,0
BRDA:111,14,0,0
BRDA:111,14,1,0
BRDA:111,15,0,0
BRDA:111,15,1,0
BRDA:112,16,0,0
BRDA:112,16,1,0
BRDA:112,17,0,0
BRDA:112,17,1,0
BRDA:113,18,0,0
BRDA:113,18,1,0
BRDA:116,19,0,0
BRDA:116,19,1,0
BRDA:117,20,0,0
BRDA:117,20,1,0
BRDA:118,21,0,0
BRDA:118,21,1,0
BRDA:119,22,0,0
BRDA:119,22,1,0
BRDA:122,23,0,0
BRDA:122,23,1,0
BRDA:132,24,0,0
BRDA:132,24,1,0
BRDA:142,25,0,0
BRDA:142,25,1,0
BRDA:152,26,0,0
BRDA:152,26,1,0
BRDA:160,27,0,0
BRDA:160,27,1,0
BRDA:168,28,0,0
BRDA:168,28,1,0
BRDA:177,29,0,0
BRDA:177,29,1,0
BRDA:209,30,0,0
BRDA:209,30,1,0
BRDA:216,31,0,0
BRDA:216,31,1,0
BRF:64
BRH:0
end_of_record
TN:
SF:src\utils\backupHistory.ts
FN:21,getBackupHistory
FN:35,addBackupHistoryEntry
FN:62,clearBackupHistory
FN:73,getActionLabel
FNF:4
FNH:0
FNDA:0,getBackupHistory
FNDA:0,addBackupHistoryEntry
FNDA:0,clearBackupHistory
FNDA:0,getActionLabel
DA:3,2
DA:4,2
DA:22,0
DA:23,0
DA:24,0
DA:25,0
DA:26,0
DA:28,0
DA:36,0
DA:37,0
DA:43,0
DA:46,0
DA:47,0
DA:50,0
DA:51,0
DA:53,0
DA:56,0
DA:63,0
DA:64,0
DA:66,0
DA:74,0
DA:75,0
DA:76,0
DA:77,0
DA:78,0
DA:79,0
LF:26
LH:2
BRDA:24,0,0,0
BRDA:24,0,1,0
BRDA:26,1,0,0
BRDA:26,1,1,0
BRDA:46,2,0,0
BRDA:46,2,1,0
BRDA:74,3,0,0
BRDA:74,3,1,0
BRDA:74,3,2,0
BRDA:74,3,3,0
BRDA:74,3,4,0
BRF:11
BRH:0
end_of_record
TN:
SF:src\utils\dataSummary.ts
FN:29,createDataSummary
FN:57,formatSummaryLines
FNF:2
FNH:0
FNDA:0,createDataSummary
FNDA:0,formatSummaryLines
DA:30,0
DA:31,0
DA:32,0
DA:34,0
DA:58,0
DA:59,0
DA:60,0
DA:62,0
DA:63,0
DA:64,0
DA:65,0
DA:67,0
DA:68,0
DA:69,0
DA:70,0
DA:72,0
DA:73,0
DA:75,0
DA:76,0
DA:77,0
DA:78,0
DA:80,0
DA:81,0
DA:82,0
DA:83,0
DA:84,0
DA:86,0
DA:87,0
DA:89,0
LF:29
LH:0
BRDA:31,0,0,0
BRDA:31,0,1,0
BRDA:37,1,0,0
BRDA:37,1,1,0
BRDA:38,2,0,0
BRDA:38,2,1,0
BRDA:39,3,0,0
BRDA:39,3,1,0
BRDA:40,4,0,0
BRDA:40,4,1,0
BRDA:41,5,0,0
BRDA:41,5,1,0
BRDA:42,6,0,0
BRDA:42,6,1,0
BRDA:43,7,0,0
BRDA:43,7,1,0
BRDA:44,8,0,0
BRDA:44,8,1,0
BRDA:45,9,0,0
BRDA:45,9,1,0
BRDA:46,10,0,0
BRDA:46,10,1,0
BRDA:47,11,0,0
BRDA:47,11,1,0
BRDA:48,12,0,0
BRDA:48,12,1,0
BRDA:49,13,0,0
BRDA:49,13,1,0
BRDA:50,14,0,0
BRDA:50,14,1,0
BRDA:63,15,0,0
BRDA:63,15,1,0
BRDA:64,16,0,0
BRDA:64,16,1,0
BRDA:65,17,0,0
BRDA:65,17,1,0
BRDA:68,18,0,0
BRDA:68,18,1,0
BRDA:69,19,0,0
BRDA:69,19,1,0
BRDA:70,20,0,0
BRDA:70,20,1,0
BRDA:72,21,0,0
BRDA:72,21,1,0
BRDA:73,22,0,0
BRDA:73,22,1,0
BRDA:76,23,0,0
BRDA:76,23,1,0
BRDA:77,24,0,0
BRDA:77,24,1,0
BRDA:78,25,0,0
BRDA:78,25,1,0
BRDA:81,26,0,0
BRDA:81,26,1,0
BRDA:82,27,0,0
BRDA:82,27,1,0
BRDA:83,28,0,0
BRDA:83,28,1,0
BRDA:84,29,0,0
BRDA:84,29,1,0
BRDA:86,30,0,0
BRDA:86,30,1,0
BRDA:87,31,0,0
BRDA:87,31,1,0
BRF:64
BRH:0
end_of_record
TN:
SF:src\utils\date.ts
FN:10,formatPeriodKey
FN:18,parsePeriodKey
FN:30,monthsBetween
FN:37,addMonths
FN:47,isBeforeOrEqual
FNF:5
FNH:5
FNDA:22228,formatPeriodKey
FNDA:4,parsePeriodKey
FNDA:79,monthsBetween
FNDA:22229,addMonths
FNDA:10713,isBeforeOrEqual
DA:11,22228
DA:12,22228
DA:19,4
DA:20,4
DA:31,79
DA:38,22229
DA:39,22229
DA:40,22229
DA:41,22229
DA:48,10713
DA:49,10493
DA:51,220
LF:12
LH:12
BRDA:21,0,0,4
BRDA:21,0,1,1
BRDA:22,1,0,4
BRDA:22,1,1,2
BRDA:48,2,0,10493
BRDA:48,2,1,220
BRF:6
BRH:6
end_of_record
TN:
SF:src\utils\format.ts
FN:23,safeNumber
FN:46,formatMoneyVNDMillion
FN:121,formatAxisMoneyVNDMillion
FN:131,formatTooltipMoneyVNDMillion
FN:141,formatTableMoneyVNDMillion
FN:150,formatKpiMoneyVNDMillion
FN:157,formatVND
FN:166,formatPercent
FNF:8
FNH:8
FNDA:317,safeNumber
FNDA:299,formatMoneyVNDMillion
FNDA:3,formatAxisMoneyVNDMillion
FNDA:3,formatTooltipMoneyVNDMillion
FNDA:177,formatTableMoneyVNDMillion
FNDA:92,formatKpiMoneyVNDMillion
FNDA:2,formatVND
FNDA:9,formatPercent
DA:24,317
DA:26,315
DA:27,305
DA:30,10
DA:31,8
DA:32,8
DA:33,6
DA:34,6
DA:37,2
DA:50,299
DA:52,299
DA:53,297
DA:55,295
DA:56,295
DA:58,294
DA:59,294
DA:60,299
DA:61,299
DA:62,299
DA:63,299
DA:65,299
DA:66,299
DA:69,299
DA:70,1
DA:71,1
DA:74,294
DA:75,290
DA:76,278
DA:77,278
DA:79,12
DA:80,12
DA:82,4
DA:83,2
DA:84,2
DA:85,2
DA:86,1
DA:87,1
DA:91,294
DA:94,294
DA:95,294
DA:99,294
DA:100,294
DA:101,294
DA:104,294
DA:105,294
DA:106,1
DA:109,294
DA:110,293
DA:113,1
DA:122,3
DA:123,2
DA:132,3
DA:133,2
DA:142,177
DA:151,92
DA:158,2
DA:167,9
DA:168,7
DA:169,7
DA:171,5
DA:172,5
DA:173,5
DA:175,5
LF:63
LH:63
BRDA:23,0,0,317
BRDA:24,1,0,2
BRDA:24,1,1,315
BRDA:24,2,0,317
BRDA:24,2,1,316
BRDA:26,3,0,305
BRDA:26,3,1,10
BRDA:27,4,0,302
BRDA:27,4,1,3
BRDA:30,5,0,8
BRDA:30,5,1,2
BRDA:32,6,0,2
BRDA:32,6,1,6
BRDA:34,7,0,3
BRDA:34,7,1,3
BRDA:50,8,0,299
BRDA:50,8,1,298
BRDA:52,9,0,2
BRDA:52,9,1,297
BRDA:52,10,0,299
BRDA:52,10,1,298
BRDA:53,11,0,2
BRDA:53,11,1,295
BRDA:53,12,0,297
BRDA:53,12,1,296
BRDA:53,12,2,295
BRDA:56,13,0,1
BRDA:56,13,1,294
BRDA:59,14,0,294
BRDA:59,14,1,14
BRDA:60,15,0,299
BRDA:60,15,1,292
BRDA:61,16,0,299
BRDA:61,16,1,15
BRDA:62,17,0,299
BRDA:62,17,1,293
BRDA:63,18,0,299
BRDA:63,18,1,292
BRDA:69,19,0,1
BRDA:69,19,1,298
BRDA:74,20,0,290
BRDA:74,20,1,4
BRDA:75,21,0,278
BRDA:75,21,1,12
BRDA:77,22,0,1
BRDA:77,22,1,277
BRDA:77,23,0,1
BRDA:77,23,1,276
BRDA:80,24,0,2
BRDA:80,24,1,10
BRDA:80,25,0,1
BRDA:80,25,1,9
BRDA:82,26,0,2
BRDA:82,26,1,2
BRDA:84,27,0,0
BRDA:84,27,1,2
BRDA:84,28,0,0
BRDA:84,28,1,2
BRDA:85,29,0,1
BRDA:85,29,1,1
BRDA:87,30,0,0
BRDA:87,30,1,1
BRDA:87,31,0,0
BRDA:87,31,1,1
BRDA:94,32,0,294
BRDA:94,32,1,0
BRDA:105,33,0,1
BRDA:105,33,1,293
BRDA:105,34,0,294
BRDA:105,34,1,3
BRDA:109,35,0,293
BRDA:109,35,1,1
BRDA:109,36,0,294
BRDA:109,36,1,293
BRDA:122,37,0,1
BRDA:122,37,1,2
BRDA:122,38,0,3
BRDA:122,38,1,3
BRDA:122,38,2,3
BRDA:122,38,3,3
BRDA:132,39,0,1
BRDA:132,39,1,2
BRDA:132,40,0,3
BRDA:132,40,1,2
BRDA:132,40,2,2
BRDA:132,40,3,2
BRDA:157,41,0,2
BRDA:158,42,0,1
BRDA:158,42,1,1
BRDA:166,43,0,9
BRDA:167,44,0,2
BRDA:167,44,1,7
BRDA:167,45,0,9
BRDA:167,45,1,8
BRDA:169,46,0,2
BRDA:169,46,1,5
BRDA:172,47,0,5
BRDA:172,47,1,0
BRF:98
BRH:92
end_of_record
TN:
SF:src\utils\math.ts
FN:5,safeNumber
FN:14,isInvalidNumber
FN:23,safeArray
FN:30,safeObject
FN:39,calculatePMT
FN:55,calculateTermMonths
FN:72,calculateNonTermInterest
FNF:7
FNH:7
FNDA:347186,safeNumber
FNDA:7,isInvalidNumber
FNDA:84538,safeArray
FNDA:4,safeObject
FNDA:128,calculatePMT
FNDA:10,calculateTermMonths
FNDA:6,calculateNonTermInterest
DA:6,347186
DA:7,342824
DA:8,342824
DA:15,7
DA:16,5
DA:17,5
DA:24,84538
DA:31,4
DA:40,128
DA:41,124
DA:43,122
DA:44,122
DA:45,122
DA:46,122
DA:56,10
DA:57,6
DA:59,3
DA:60,3
DA:63,3
DA:64,2
DA:67,1
DA:68,1
DA:69,1
DA:80,6
DA:82,5
DA:83,5
DA:84,5
DA:85,4
DA:87,2
DA:88,2
DA:89,4
DA:90,4
DA:91,6
DA:92,5
DA:95,4
DA:98,2
LF:36
LH:36
BRDA:5,0,0,347186
BRDA:6,1,0,4362
BRDA:6,1,1,342824
BRDA:6,2,0,347186
BRDA:6,2,1,347185
BRDA:8,3,0,342808
BRDA:8,3,1,16
BRDA:15,4,0,2
BRDA:15,4,1,5
BRDA:15,5,0,7
BRDA:15,5,1,6
BRDA:24,6,0,84143
BRDA:24,6,1,395
BRDA:31,7,0,1
BRDA:31,7,1,3
BRDA:31,8,0,4
BRDA:31,8,1,2
BRDA:40,9,0,4
BRDA:40,9,1,124
BRDA:40,10,0,128
BRDA:40,10,1,126
BRDA:41,11,0,2
BRDA:41,11,1,122
BRDA:56,12,0,4
BRDA:56,12,1,6
BRDA:56,13,0,10
BRDA:56,13,1,8
BRDA:57,14,0,3
BRDA:57,14,1,3
BRDA:63,15,0,2
BRDA:63,15,1,1
BRDA:80,16,0,1
BRDA:80,16,1,5
BRDA:84,17,0,1
BRDA:84,17,1,4
BRDA:85,18,0,2
BRDA:85,18,1,2
BRDA:85,19,0,4
BRDA:85,19,1,3
BRDA:91,20,0,5
BRDA:91,20,1,1
BRF:41
BRH:41
end_of_record
TN:
SF:src\utils\migration.ts
FN:9,validateAppState
FN:14,(anonymous_1)
FN:24,migrateState
FN:55,(anonymous_3)
FN:57,(anonymous_4)
FN:64,(anonymous_5)
FN:75,(anonymous_6)
FN:77,(anonymous_7)
FN:96,(anonymous_8)
FN:97,(anonymous_9)
FN:109,(anonymous_10)
FN:112,(anonymous_11)
FN:135,(anonymous_12)
FN:137,(anonymous_13)
FN:156,(anonymous_14)
FN:162,(anonymous_15)
FN:175,(anonymous_16)
FN:190,(anonymous_17)
FN:191,(anonymous_18)
FN:195,(anonymous_19)
FN:202,(anonymous_20)
FN:204,(anonymous_21)
FN:205,(anonymous_22)
FN:219,(anonymous_23)
FN:221,(anonymous_24)
FN:223,(anonymous_25)
FN:231,(anonymous_26)
FN:232,(anonymous_27)
FNF:28
FNH:28
FNDA:15,validateAppState
FNDA:3,(anonymous_1)
FNDA:10,migrateState
FNDA:5,(anonymous_3)
FNDA:5,(anonymous_4)
FNDA:20,(anonymous_5)
FNDA:92,(anonymous_6)
FNDA:72,(anonymous_7)
FNDA:5,(anonymous_8)
FNDA:5,(anonymous_9)
FNDA:5,(anonymous_10)
FNDA:5,(anonymous_11)
FNDA:5,(anonymous_12)
FNDA:25,(anonymous_13)
FNDA:22,(anonymous_14)
FNDA:41,(anonymous_15)
FNDA:10,(anonymous_16)
FNDA:25,(anonymous_17)
FNDA:72,(anonymous_18)
FNDA:9,(anonymous_19)
FNDA:25,(anonymous_20)
FNDA:5,(anonymous_21)
FNDA:15,(anonymous_22)
FNDA:5,(anonymous_23)
FNDA:6,(anonymous_24)
FNDA:5,(anonymous_25)
FNDA:6,(anonymous_26)
FNDA:1,(anonymous_27)
DA:10,15
DA:11,12
DA:12,12
DA:13,2
DA:14,3
DA:15,2
DA:17,10
DA:25,10
DA:26,10
DA:27,3
DA:30,7
DA:33,7
DA:34,7
DA:36,7
DA:37,2
DA:38,4
DA:39,4
DA:42,6
DA:43,1
DA:44,1
DA:48,5
DA:56,5
DA:57,5
DA:58,5
DA:59,5
DA:60,5
DA:62,5
DA:63,4
DA:64,4
DA:65,20
DA:66,20
DA:69,20
DA:70,0
DA:72,20
DA:75,20
DA:76,92
DA:77,92
DA:84,20
DA:90,0
DA:93,5
DA:94,1
DA:95,1
DA:96,1
DA:97,5
DA:99,5
DA:106,5
DA:107,1
DA:108,1
DA:109,5
DA:110,1
DA:111,1
DA:112,1
DA:113,5
DA:114,1
DA:116,4
DA:117,4
DA:118,4
DA:125,1
DA:127,5
DA:136,5
DA:137,5
DA:138,25
DA:139,25
DA:142,5
DA:154,5
DA:156,5
DA:157,22
DA:158,22
DA:159,22
DA:160,22
DA:162,41
DA:164,22
DA:175,10
DA:176,1
DA:187,5
DA:188,5
DA:190,5
DA:191,72
DA:192,25
DA:193,23
DA:195,9
DA:196,2
DA:197,2
DA:202,25
DA:203,5
DA:204,1
DA:205,15
DA:206,5
DA:207,5
DA:212,5
DA:220,5
DA:221,6
DA:224,5
DA:226,5
DA:227,5
DA:230,5
DA:231,6
DA:232,5
DA:233,1
DA:252,5
DA:262,1
DA:263,1
LF:102
LH:100
BRDA:10,0,0,3
BRDA:10,0,1,12
BRDA:10,1,0,15
BRDA:10,1,1,13
BRDA:12,2,0,2
BRDA:12,2,1,10
BRDA:26,3,0,3
BRDA:26,3,1,7
BRDA:26,4,0,10
BRDA:26,4,1,8
BRDA:36,5,0,2
BRDA:36,5,1,4
BRDA:38,6,0,4
BRDA:38,6,1,0
BRDA:42,7,0,1
BRDA:42,7,1,5
BRDA:42,8,0,6
BRDA:42,8,1,6
BRDA:53,9,0,5
BRDA:53,9,1,0
BRDA:54,10,0,5
BRDA:54,10,1,0
BRDA:56,11,0,5
BRDA:56,11,1,0
BRDA:58,12,0,0
BRDA:58,12,1,5
BRDA:58,13,0,5
BRDA:58,13,1,5
BRDA:62,14,0,4
BRDA:62,14,1,1
BRDA:65,15,0,20
BRDA:65,15,1,0
BRDA:65,16,0,20
BRDA:65,16,1,20
BRDA:69,17,0,0
BRDA:69,17,1,20
BRDA:76,18,0,0
BRDA:76,18,1,92
BRDA:80,19,0,72
BRDA:80,19,1,72
BRDA:87,20,0,20
BRDA:87,20,1,0
BRDA:93,21,0,1
BRDA:93,21,1,4
BRDA:93,22,0,5
BRDA:93,22,1,4
BRDA:94,23,0,1
BRDA:94,23,1,0
BRDA:99,24,0,5
BRDA:99,24,1,4
BRDA:99,24,2,0
BRDA:99,24,3,4
BRDA:99,24,4,1
BRDA:99,24,5,4
BRDA:99,24,6,1
BRDA:99,24,7,4
BRDA:99,24,8,1
BRDA:99,24,9,4
BRDA:99,24,10,1
BRDA:106,25,0,1
BRDA:106,25,1,4
BRDA:108,26,0,1
BRDA:108,26,1,0
BRDA:108,27,0,1
BRDA:108,27,1,1
BRDA:110,28,0,1
BRDA:110,28,1,0
BRDA:113,29,0,1
BRDA:113,29,1,4
BRDA:113,30,0,5
BRDA:113,30,1,5
BRDA:133,31,0,5
BRDA:133,31,1,0
BRDA:134,32,0,5
BRDA:134,32,1,0
BRDA:136,33,0,5
BRDA:136,33,1,0
BRDA:139,34,0,0
BRDA:139,34,1,25
BRDA:139,35,0,25
BRDA:139,35,1,25
BRDA:157,36,0,0
BRDA:157,36,1,22
BRDA:157,37,0,22
BRDA:157,37,1,22
BRDA:160,38,0,22
BRDA:160,38,1,8
BRDA:162,39,0,0
BRDA:162,39,1,22
BRDA:167,40,0,5
BRDA:167,40,1,17
BRDA:168,41,0,5
BRDA:168,41,1,12
BRDA:169,42,0,4
BRDA:169,42,1,8
BRDA:170,43,0,4
BRDA:170,43,1,4
BRDA:171,44,0,4
BRDA:171,44,1,0
BRDA:175,45,0,1
BRDA:175,45,1,4
BRDA:192,46,0,23
BRDA:192,46,1,2
BRDA:196,47,0,2
BRDA:196,47,1,0
BRDA:203,48,0,1
BRDA:203,48,1,4
BRDA:206,49,0,5
BRDA:206,49,1,0
BRDA:218,50,0,5
BRDA:218,50,1,0
BRDA:220,51,0,5
BRDA:220,51,1,0
BRDA:221,52,0,5
BRDA:221,52,1,0
BRDA:226,53,0,5
BRDA:226,53,1,0
BRDA:230,54,0,5
BRDA:230,54,1,0
BRDA:231,55,0,5
BRDA:231,55,1,0
BRDA:235,56,0,1
BRDA:235,56,1,1
BRDA:236,57,0,1
BRDA:236,57,1,1
BRDA:237,58,0,1
BRDA:237,58,1,0
BRDA:238,59,0,1
BRDA:238,59,1,0
BRDA:240,60,0,1
BRDA:240,60,1,1
BRDA:241,61,0,1
BRDA:241,61,1,1
BRDA:242,62,0,1
BRDA:242,62,1,1
BRDA:243,63,0,0
BRDA:243,63,1,1
BRDA:243,64,0,1
BRDA:243,64,1,1
BRDA:244,65,0,1
BRDA:244,65,1,1
BRDA:245,66,0,1
BRDA:245,66,1,1
BRDA:254,67,0,5
BRDA:254,67,1,0
BRDA:255,68,0,4
BRDA:255,68,1,1
BRDA:256,69,0,4
BRDA:256,69,1,1
BRDA:257,70,0,0
BRDA:257,70,1,5
BRDA:258,71,0,0
BRDA:258,71,1,5
BRDA:259,72,0,0
BRDA:259,72,1,5
BRDA:259,73,0,10
BRDA:259,73,1,0
BRF:157
BRH:121
end_of_record
TN:
SF:src\utils\periodGuard.ts
FN:5,isWithinObservationPeriod
FN:20,getPeriodGuardMessage
FNF:2
FNH:2
FNDA:15,isWithinObservationPeriod
FNDA:6,getPeriodGuardMessage
DA:10,15
DA:11,13
DA:12,13
DA:13,13
DA:14,13
DA:21,6
DA:22,4
DA:23,4
LF:8
LH:8
BRDA:10,0,0,2
BRDA:10,0,1,13
BRDA:21,1,0,2
BRDA:21,1,1,4
BRF:4
BRH:4
end_of_record
TN:
SF:src\utils\scheduledBackup.ts
FN:29,getAutoBackupConfig
FN:43,saveAutoBackupConfig
FN:54,getAutoBackupSlots
FN:68,createAutoBackup
FN:112,isBackupDue
FN:128,deleteAutoBackupSlot
FN:130,(anonymous_6)
FN:140,clearAllAutoBackups
FNF:8
FNH:0
FNDA:0,getAutoBackupConfig
FNDA:0,saveAutoBackupConfig
FNDA:0,getAutoBackupSlots
FNDA:0,createAutoBackup
FNDA:0,isBackupDue
FNDA:0,deleteAutoBackupSlot
FNDA:0,(anonymous_6)
FNDA:0,clearAllAutoBackups
DA:5,2
DA:6,2
DA:7,2
DA:21,2
DA:30,0
DA:31,0
DA:32,0
DA:33,0
DA:34,0
DA:36,0
DA:44,0
DA:45,0
DA:47,0
DA:55,0
DA:56,0
DA:57,0
DA:58,0
DA:59,0
DA:61,0
DA:69,0
DA:70,0
DA:71,0
DA:72,0
DA:74,0
DA:80,0
DA:83,0
DA:84,0
DA:87,0
DA:90,0
DA:91,0
DA:92,0
DA:95,0
DA:96,0
DA:102,0
DA:104,0
DA:105,0
DA:113,0
DA:114,0
DA:116,0
DA:118,0
DA:119,0
DA:120,0
DA:122,0
DA:129,0
DA:130,0
DA:131,0
DA:133,0
DA:141,0
DA:142,0
DA:144,0
LF:50
LH:4
BRDA:32,0,0,0
BRDA:32,0,1,0
BRDA:57,1,0,0
BRDA:57,1,1,0
BRDA:59,2,0,0
BRDA:59,2,1,0
BRDA:95,3,0,0
BRDA:95,3,1,0
BRDA:114,4,0,0
BRDA:114,4,1,0
BRDA:116,5,0,0
BRDA:116,5,1,0
BRF:12
BRH:0
end_of_record
