TN:
SF:src\data\defaultInputs.ts
FNF:0
FNH:0
DA:5,1
DA:18,1
DA:26,1
DA:71,1
DA:115,1
DA:206,1
DA:217,1
DA:225,1
DA:264,1
DA:317,1
DA:377,1
DA:390,1
LF:12
LH:12
BRF:0
BRH:0
end_of_record
TN:
SF:src\engines\budgetEngine.ts
FN:24,rebuildTreeFromFlatRatios
FN:27,(anonymous_1)
FN:28,(anonymous_2)
FN:44,(anonymous_3)
FN:47,(anonymous_4)
FN:67,collectLeafNodes
FN:80,(anonymous_6)
FN:86,(anonymous_7)
FN:93,calculateBudget
FN:103,(anonymous_9)
FN:111,(anonymous_10)
FN:135,(anonymous_11)
FN:142,(anonymous_12)
FN:144,(anonymous_13)
FN:160,(anonymous_14)
FN:166,(anonymous_15)
FN:183,(anonymous_16)
FN:187,(anonymous_17)
FN:188,(anonymous_18)
FN:191,(anonymous_19)
FN:192,(anonymous_20)
FN:195,(anonymous_21)
FN:196,(anonymous_22)
FN:199,(anonymous_23)
FN:200,(anonymous_24)
FNF:25
FNH:16
FNDA:0,rebuildTreeFromFlatRatios
FNDA:0,(anonymous_1)
FNDA:0,(anonymous_2)
FNDA:0,(anonymous_3)
FNDA:0,(anonymous_4)
FNDA:36,collectLeafNodes
FNDA:24,(anonymous_6)
FNDA:24,(anonymous_7)
FNDA:12,calculateBudget
FNDA:12,(anonymous_9)
FNDA:0,(anonymous_10)
FNDA:12,(anonymous_11)
FNDA:24,(anonymous_12)
FNDA:24,(anonymous_13)
FNDA:12,(anonymous_14)
FNDA:24,(anonymous_15)
FNDA:24,(anonymous_16)
FNDA:24,(anonymous_17)
FNDA:0,(anonymous_18)
FNDA:24,(anonymous_19)
FNDA:0,(anonymous_20)
FNDA:24,(anonymous_21)
FNDA:0,(anonymous_22)
FNDA:24,(anonymous_23)
FNDA:24,(anonymous_24)
DA:25,0
DA:27,0
DA:28,0
DA:30,0
DA:38,0
DA:39,0
DA:42,0
DA:43,0
DA:44,0
DA:45,0
DA:46,0
DA:47,0
DA:48,0
DA:49,0
DA:51,0
DA:52,0
DA:53,0
DA:61,0
DA:68,36
DA:69,36
DA:72,36
DA:73,36
DA:75,36
DA:76,24
DA:80,24
DA:81,12
DA:83,0
DA:86,24
DA:94,12
DA:95,12
DA:96,12
DA:97,12
DA:98,12
DA:99,12
DA:101,12
DA:103,12
DA:104,12
DA:110,12
DA:111,12
DA:112,0
DA:113,0
DA:115,0
DA:117,12
DA:119,0
DA:122,12
DA:123,12
DA:124,12
DA:125,0
DA:127,0
DA:133,12
DA:135,12
DA:136,12
DA:137,12
DA:138,12
DA:141,12
DA:142,24
DA:143,12
DA:144,24
DA:145,12
DA:146,0
DA:155,12
DA:156,0
DA:160,12
DA:162,12
DA:166,12
DA:167,24
DA:168,24
DA:183,24
DA:186,12
DA:187,24
DA:188,0
DA:190,12
DA:191,24
DA:192,0
DA:194,12
DA:195,24
DA:196,0
DA:198,12
DA:199,24
DA:200,24
DA:202,12
DA:203,12
DA:205,12
DA:206,0
DA:211,12
LF:85
LH:54
BRDA:30,0,0,0
BRDA:30,0,1,0
BRDA:30,0,2,0
BRDA:30,0,3,0
BRDA:30,0,4,0
BRDA:30,0,5,0
BRDA:30,0,6,0
BRDA:30,0,7,0
BRDA:30,0,8,0
BRDA:30,0,9,0
BRDA:30,0,10,0
BRDA:38,1,0,0
BRDA:38,1,1,0
BRDA:42,2,0,0
BRDA:42,2,1,0
BRDA:42,3,0,0
BRDA:42,3,1,0
BRDA:45,4,0,0
BRDA:45,4,1,0
BRDA:48,5,0,0
BRDA:48,5,1,0
BRDA:69,6,0,0
BRDA:69,6,1,36
BRDA:72,7,0,36
BRDA:72,7,1,12
BRDA:72,7,2,12
BRDA:75,8,0,24
BRDA:75,8,1,12
BRDA:75,9,0,36
BRDA:75,9,1,12
BRDA:81,10,0,0
BRDA:81,10,1,12
BRDA:101,11,0,12
BRDA:101,11,1,0
BRDA:110,12,0,12
BRDA:110,12,1,0
BRDA:112,13,0,0
BRDA:112,13,1,0
BRDA:122,14,0,12
BRDA:122,14,1,0
BRDA:123,15,0,12
BRDA:123,15,1,0
BRDA:125,16,0,0
BRDA:125,16,1,0
BRDA:125,17,0,0
BRDA:125,17,1,0
BRDA:137,18,0,12
BRDA:137,18,1,0
BRDA:141,19,0,12
BRDA:141,19,1,0
BRDA:141,20,0,12
BRDA:141,20,1,12
BRDA:143,21,0,12
BRDA:143,21,1,0
BRDA:145,22,0,0
BRDA:145,22,1,12
BRDA:155,23,0,0
BRDA:155,23,1,12
BRDA:162,24,0,0
BRDA:162,24,1,12
BRDA:162,25,0,12
BRDA:162,25,1,0
BRDA:187,26,0,24
BRDA:187,26,1,24
BRDA:199,27,0,24
BRDA:199,27,1,0
BRDA:199,27,2,0
BRDA:199,27,3,0
BRDA:203,28,0,0
BRDA:203,28,1,12
BRDA:205,29,0,0
BRDA:205,29,1,12
BRF:72
BRH:27
end_of_record
TN:
SF:src\engines\databaseResolver.ts
FN:15,generateResolvedMonthlyDb
FN:35,(anonymous_1)
FN:37,(anonymous_2)
FN:40,(anonymous_3)
FN:55,(anonymous_4)
FN:74,(anonymous_5)
FN:80,(anonymous_6)
FN:97,(anonymous_7)
FN:101,(anonymous_8)
FN:112,(anonymous_9)
FN:134,(anonymous_10)
FN:138,(anonymous_11)
FN:142,(anonymous_12)
FN:150,(anonymous_13)
FNF:14
FNH:13
FNDA:4,generateResolvedMonthlyDb
FNDA:3,(anonymous_1)
FNDA:3,(anonymous_2)
FNDA:12,(anonymous_3)
FNDA:24,(anonymous_4)
FNDA:12,(anonymous_5)
FNDA:0,(anonymous_6)
FNDA:16,(anonymous_7)
FNDA:18,(anonymous_8)
FNDA:25,(anonymous_9)
FNDA:12,(anonymous_10)
FNDA:12,(anonymous_11)
FNDA:24,(anonymous_12)
FNDA:12,(anonymous_13)
DA:25,4
DA:35,4
DA:36,4
DA:37,3
DA:40,4
DA:42,12
DA:45,12
DA:51,12
DA:52,12
DA:53,12
DA:55,12
DA:56,24
DA:57,24
DA:60,24
DA:61,24
DA:63,24
DA:64,24
DA:66,24
DA:70,12
DA:71,12
DA:72,12
DA:74,12
DA:75,12
DA:78,12
DA:80,12
DA:81,0
DA:84,12
DA:87,12
DA:91,12
DA:92,10
DA:93,10
DA:95,10
DA:97,10
DA:98,16
DA:99,16
DA:101,18
DA:102,9
DA:103,6
DA:105,3
DA:107,9
DA:110,16
DA:112,25
DA:113,16
DA:114,13
DA:115,13
DA:119,10
DA:120,10
DA:121,10
DA:125,12
DA:135,12
DA:136,12
DA:139,12
DA:140,12
DA:143,24
DA:144,24
DA:149,4
DA:150,4
DA:151,12
DA:154,4
LF:59
LH:58
BRDA:36,0,0,3
BRDA:36,0,1,1
BRDA:60,1,0,12
BRDA:60,1,1,12
BRDA:61,2,0,12
BRDA:61,2,1,12
BRDA:78,3,0,12
BRDA:78,3,1,0
BRDA:87,4,0,3
BRDA:87,4,1,9
BRDA:87,5,0,12
BRDA:87,5,1,3
BRDA:91,6,0,10
BRDA:91,6,1,2
BRDA:99,7,0,9
BRDA:99,7,1,7
BRDA:102,8,0,6
BRDA:102,8,1,3
BRDA:113,9,0,13
BRDA:113,9,1,3
BRDA:115,10,0,13
BRDA:115,10,1,7
BRF:22
BRH:21
end_of_record
TN:
SF:src\engines\incomeEngine.ts
FN:21,calculateIncome
FN:31,(anonymous_1)
FNF:2
FNH:2
FNDA:12,calculateIncome
FNDA:12,(anonymous_1)
DA:22,12
DA:23,12
DA:24,12
DA:26,12
DA:28,12
DA:29,12
DA:31,12
DA:33,12
DA:34,0
DA:38,12
DA:39,12
DA:41,12
DA:42,0
DA:46,12
DA:47,0
DA:48,0
DA:49,0
DA:54,12
DA:55,12
DA:57,12
DA:58,12
DA:59,12
DA:62,12
LF:23
LH:18
BRDA:33,0,0,0
BRDA:33,0,1,12
BRDA:33,1,0,12
BRDA:33,1,1,12
BRDA:41,2,0,0
BRDA:41,2,1,12
BRDA:46,3,0,0
BRDA:46,3,1,12
BRDA:46,4,0,12
BRDA:46,4,1,0
BRDA:48,5,0,0
BRDA:48,5,1,0
BRDA:54,6,0,12
BRDA:54,6,1,0
BRDA:57,7,0,12
BRDA:57,7,1,12
BRF:16
BRH:9
end_of_record
TN:
SF:src\engines\timelineEngine.ts
FN:23,generateTimeline
FNF:1
FNH:1
FNDA:4,generateTimeline
DA:24,4
DA:25,4
DA:27,4
DA:28,4
DA:29,4
DA:30,4
DA:33,4
DA:34,0
DA:36,4
DA:37,0
DA:40,4
DA:41,4
DA:43,4
DA:45,4
DA:46,0
DA:47,0
DA:51,4
DA:52,0
DA:55,4
DA:57,4
DA:58,12
DA:59,12
DA:61,12
DA:71,4
LF:24
LH:19
BRDA:33,0,0,0
BRDA:33,0,1,4
BRDA:33,1,0,4
BRDA:33,1,1,4
BRDA:36,2,0,0
BRDA:36,2,1,4
BRDA:36,3,0,4
BRDA:36,3,1,4
BRDA:45,4,0,0
BRDA:45,4,1,4
BRDA:51,5,0,0
BRDA:51,5,1,4
BRF:12
BRH:8
end_of_record
TN:
SF:src\utils\date.ts
FN:10,formatPeriodKey
FN:18,parsePeriodKey
FN:30,monthsBetween
FN:37,addMonths
FN:47,isBeforeOrEqual
FNF:5
FNH:4
FNDA:12,formatPeriodKey
FNDA:0,parsePeriodKey
FNDA:4,monthsBetween
FNDA:12,addMonths
FNDA:12,isBeforeOrEqual
DA:11,12
DA:12,12
DA:19,0
DA:20,0
DA:31,4
DA:38,12
DA:39,12
DA:40,12
DA:41,12
DA:48,12
DA:49,0
DA:51,12
LF:12
LH:9
BRDA:21,0,0,0
BRDA:21,0,1,0
BRDA:22,1,0,0
BRDA:22,1,1,0
BRDA:48,2,0,0
BRDA:48,2,1,12
BRF:6
BRH:1
end_of_record
TN:
SF:src\utils\math.ts
FN:5,safeNumber
FN:14,isInvalidNumber
FN:23,safeArray
FN:30,safeObject
FN:39,calculatePMT
FN:49,calculateNonTermInterest
FNF:6
FNH:2
FNDA:49,safeNumber
FNDA:0,isInvalidNumber
FNDA:24,safeArray
FNDA:0,safeObject
FNDA:0,calculatePMT
FNDA:0,calculateNonTermInterest
DA:6,49
DA:7,49
DA:8,49
DA:15,0
DA:16,0
DA:17,0
DA:24,24
DA:31,0
DA:40,0
DA:41,0
DA:43,0
DA:44,0
DA:45,0
DA:46,0
DA:57,0
DA:59,0
DA:60,0
DA:61,0
DA:62,0
DA:64,0
DA:65,0
DA:66,0
DA:67,0
DA:68,0
DA:69,0
DA:72,0
DA:75,0
LF:27
LH:4
BRDA:5,0,0,49
BRDA:6,1,0,0
BRDA:6,1,1,49
BRDA:6,2,0,49
BRDA:6,2,1,49
BRDA:8,3,0,49
BRDA:8,3,1,0
BRDA:15,4,0,0
BRDA:15,4,1,0
BRDA:15,5,0,0
BRDA:15,5,1,0
BRDA:24,6,0,24
BRDA:24,6,1,0
BRDA:31,7,0,0
BRDA:31,7,1,0
BRDA:31,8,0,0
BRDA:31,8,1,0
BRDA:40,9,0,0
BRDA:40,9,1,0
BRDA:40,10,0,0
BRDA:40,10,1,0
BRDA:41,11,0,0
BRDA:41,11,1,0
BRDA:57,12,0,0
BRDA:57,12,1,0
BRDA:61,13,0,0
BRDA:61,13,1,0
BRDA:62,14,0,0
BRDA:62,14,1,0
BRDA:62,15,0,0
BRDA:62,15,1,0
BRDA:68,16,0,0
BRDA:68,16,1,0
BRF:33
BRH:6
end_of_record
